{"meta": {"format": 3, "version": "7.13.4", "timestamp": "2026-03-04T02:55:14.481883", "branch_coverage": false, "show_contexts": false}, "files": {"app\\__init__.py": {"executed_lines": [2, 4, 5], "summary": {"covered_lines": 3, "num_statements": 3, "percent_covered": 100.0, "percent_covered_display": "100", "missing_lines": 0, "excluded_lines": 0, "percent_statements_covered": 100.0, "percent_statements_covered_display": "100"}, "missing_lines": [], "excluded_lines": [], "functions": {"": {"executed_lines": [2, 4, 5], "summary": {"covered_lines": 3, "num_statements": 3, "percent_covered": 100.0, "percent_covered_display": "100", "missing_lines": 0, "excluded_lines": 0, "percent_statements_covered": 100.0, "percent_statements_covered_display": "100"}, "missing_lines": [], "excluded_lines": [], "start_line": 1}}, "classes": {"": {"executed_lines": [2, 4, 5], "summary": {"covered_lines": 3, "num_statements": 3, "percent_covered": 100.0, "percent_covered_display": "100", "missing_lines": 0, "excluded_lines": 0, "percent_statements_covered": 100.0, "percent_statements_covered_display": "100"}, "missing_lines": [], "excluded_lines": [], "start_line": 1}}}, "app\\config.py": {"executed_lines": [9, 11, 12, 13, 14, 15, 17, 20, 21, 22, 23, 26, 27, 31, 32, 33, 36, 37, 38, 39, 40, 44, 45, 51, 52, 53, 57, 61, 63, 64, 67, 68, 69, 70, 73, 74, 75, 76, 79, 80, 83, 84, 85, 88, 89, 92, 93, 94, 96, 98, 99, 101, 117, 118, 122, 123, 127, 128, 134], "summary": {"covered_lines": 59, "num_statements": 67, "percent_covered": 88.05970149253731, "percent_covered_display": "88", "missing_lines": 8, "excluded_lines": 0, "percent_statements_covered": 88.05970149253731, "percent_statements_covered_display": "88"}, "missing_lines": [104, 105, 111, 112, 115, 120, 125, 130], "excluded_lines": [], "functions": {"Settings.__post_init__": {"executed_lines": [98, 99, 101], "summary": {"covered_lines": 3, "num_statements": 8, "percent_covered": 37.5, "percent_covered_display": "38", "missing_lines": 5, "excluded_lines": 0, "percent_statements_covered": 37.5, "percent_statements_covered_display": "38"}, "missing_lines": [104, 105, 111, 112, 115], "excluded_lines": [], "start_line": 96}, "Settings.is_production": {"executed_lines": [], "summary": {"covered_lines": 0, "num_statements": 1, "percent_covered": 0.0, "percent_covered_display": "0", "missing_lines": 1, "excluded_lines": 0, "percent_statements_covered": 0.0, "percent_statements_covered_display": "0"}, "missing_lines": [120], "excluded_lines": [], "start_line": 118}, "Settings.is_development": {"executed_lines": [], "summary": {"covered_lines": 0, "num_statements": 1, "percent_covered": 0.0, "percent_covered_display": "0", "missing_lines": 1, "excluded_lines": 0, "percent_statements_covered": 0.0, "percent_statements_covered_display": "0"}, "missing_lines": [125], "excluded_lines": [], "start_line": 123}, "Settings.use_postgres": {"executed_lines": [], "summary": {"covered_lines": 0, "num_statements": 1, "percent_covered": 0.0, "percent_covered_display": "0", "missing_lines": 1, "excluded_lines": 0, "percent_statements_covered": 0.0, "percent_statements_covered_display": "0"}, "missing_lines": [130], "excluded_lines": [], "start_line": 128}, "": {"executed_lines": [9, 11, 12, 13, 14, 15, 17, 20, 21, 22, 23, 26, 27, 31, 32, 33, 36, 37, 38, 39, 40, 44, 45, 51, 52, 53, 57, 61, 63, 64, 67, 68, 69, 70, 73, 74, 75, 76, 79, 80, 83, 84, 85, 88, 89, 92, 93, 94, 96, 117, 118, 122, 123, 127, 128, 134], "summary": {"covered_lines": 56, "num_statements": 56, "percent_covered": 100.0, "percent_covered_display": "100", "missing_lines": 0, "excluded_lines": 0, "percent_statements_covered": 100.0, "percent_statements_covered_display": "100"}, "missing_lines": [], "excluded_lines": [], "start_line": 1}}, "classes": {"Settings": {"executed_lines": [98, 99, 101], "summary": {"covered_lines": 3, "num_statements": 11, "percent_covered": 27.272727272727273, "percent_covered_display": "27", "missing_lines": 8, "excluded_lines": 0, "percent_statements_covered": 27.272727272727273, "percent_statements_covered_display": "27"}, "missing_lines": [104, 105, 111, 112, 115, 120, 125, 130], "excluded_lines": [], "start_line": 27}, "": {"executed_lines": [9, 11, 12, 13, 14, 15, 17, 20, 21, 22, 23, 26, 27, 31, 32, 33, 36, 37, 38, 39, 40, 44, 45, 51, 52, 53, 57, 61, 63, 64, 67, 68, 69, 70, 73, 74, 75, 76, 79, 80, 83, 84, 85, 88, 89, 92, 93, 94, 96, 117, 118, 122, 123, 127, 128, 134], "summary": {"covered_lines": 56, "num_statements": 56, "percent_covered": 100.0, "percent_covered_display": "100", "missing_lines": 0, "excluded_lines": 0, "percent_statements_covered": 100.0, "percent_statements_covered_display": "100"}, "missing_lines": [], "excluded_lines": [], "start_line": 1}}}, "app\\dependencies\\__init__.py": {"executed_lines": [2, 4, 11], "summary": {"covered_lines": 3, "num_statements": 3, "percent_covered": 100.0, "percent_covered_display": "100", "missing_lines": 0, "excluded_lines": 0, "percent_statements_covered": 100.0, "percent_statements_covered_display": "100"}, "missing_lines": [], "excluded_lines": [], "functions": {"": {"executed_lines": [2, 4, 11], "summary": {"covered_lines": 3, "num_statements": 3, "percent_covered": 100.0, "percent_covered_display": "100", "missing_lines": 0, "excluded_lines": 0, "percent_statements_covered": 100.0, "percent_statements_covered_display": "100"}, "missing_lines": [], "excluded_lines": [], "start_line": 1}}, "classes": {"": {"executed_lines": [2, 4, 11], "summary": {"covered_lines": 3, "num_statements": 3, "percent_covered": 100.0, "percent_covered_display": "100", "missing_lines": 0, "excluded_lines": 0, "percent_statements_covered": 100.0, "percent_statements_covered_display": "100"}, "missing_lines": [], "excluded_lines": [], "start_line": 1}}}, "app\\dependencies\\auth.py": {"executed_lines": [2, 4, 5, 6, 8, 9, 11, 12, 13, 14, 17, 24, 27, 43, 60, 63, 64, 65, 67, 68, 69, 75, 76, 80, 87, 90, 93, 110, 112, 113, 117, 121, 122], "summary": {"covered_lines": 33, "num_statements": 42, "percent_covered": 78.57142857142857, "percent_covered_display": "79", "missing_lines": 9, "excluded_lines": 0, "percent_statements_covered": 78.57142857142857, "percent_statements_covered_display": "79"}, "missing_lines": [29, 30, 61, 70, 71, 72, 77, 88, 111], "excluded_lines": [], "functions": {"_auth_bypass_enabled": {"executed_lines": [24], "summary": {"covered_lines": 1, "num_statements": 1, "percent_covered": 100.0, "percent_covered_display": "100", "missing_lines": 0, "excluded_lines": 0, "percent_statements_covered": 100.0, "percent_statements_covered_display": "100"}, "missing_lines": [], "excluded_lines": [], "start_line": 17}, "_local_dummy_user": {"executed_lines": [], "summary": {"covered_lines": 0, "num_statements": 2, "percent_covered": 0.0, "percent_covered_display": "0", "missing_lines": 2, "excluded_lines": 0, "percent_statements_covered": 0.0, "percent_statements_covered_display": "0"}, "missing_lines": [29, 30], "excluded_lines": [], "start_line": 27}, "get_current_user": {"executed_lines": [60, 63, 64, 65, 67, 68, 69, 75, 76, 80, 87, 90], "summary": {"covered_lines": 12, "num_statements": 18, "percent_covered": 66.66666666666667, "percent_covered_display": "67", "missing_lines": 6, "excluded_lines": 0, "percent_statements_covered": 66.66666666666667, "percent_statements_covered_display": "67"}, "missing_lines": [61, 70, 71, 72, 77, 88], "excluded_lines": [], "start_line": 43}, "require_user": {"executed_lines": [110, 112, 113, 117], "summary": {"covered_lines": 4, "num_statements": 5, "percent_covered": 80.0, "percent_covered_display": "80", "missing_lines": 1, "excluded_lines": 0, "percent_statements_covered": 80.0, "percent_statements_covered_display": "80"}, "missing_lines": [111], "excluded_lines": [], "start_line": 93}, "": {"executed_lines": [2, 4, 5, 6, 8, 9, 11, 12, 13, 14, 17, 27, 43, 93, 121, 122], "summary": {"covered_lines": 16, "num_statements": 16, "percent_covered": 100.0, "percent_covered_display": "100", "missing_lines": 0, "excluded_lines": 0, "percent_statements_covered": 100.0, "percent_statements_covered_display": "100"}, "missing_lines": [], "excluded_lines": [], "start_line": 1}}, "classes": {"": {"executed_lines": [2, 4, 5, 6, 8, 9, 11, 12, 13, 14, 17, 24, 27, 43, 60, 63, 64, 65, 67, 68, 69, 75, 76, 80, 87, 90, 93, 110, 112, 113, 117, 121, 122], "summary": {"covered_lines": 33, "num_statements": 42, "percent_covered": 78.57142857142857, "percent_covered_display": "79", "missing_lines": 9, "excluded_lines": 0, "percent_statements_covered": 78.57142857142857, "percent_statements_covered_display": "79"}, "missing_lines": [29, 30, 61, 70, 71, 72, 77, 88, 111], "excluded_lines": [], "start_line": 1}}}, "app\\error_handling.py": {"executed_lines": [5, 6, 7, 8, 9, 11, 12, 13, 14, 16, 23, 30, 33, 34, 35, 37, 39, 49, 56, 61, 63, 70, 80, 81, 90, 100, 117, 119, 120, 121, 122, 123, 124, 127, 128, 132, 138, 139, 140, 141, 142, 144, 145, 146, 150, 157, 158, 159, 160, 162, 166, 169, 187, 188, 189, 191, 192, 196, 206, 250, 275, 277, 278, 279, 280, 283, 290, 291, 292, 293, 294, 297, 308, 309, 311, 312, 313, 314], "summary": {"covered_lines": 78, "num_statements": 94, "percent_covered": 82.97872340425532, "percent_covered_display": "83", "missing_lines": 16, "excluded_lines": 1, "percent_statements_covered": 82.97872340425532, "percent_statements_covered_display": "83"}, "missing_lines": [64, 65, 126, 164, 190, 219, 221, 222, 224, 229, 230, 236, 237, 239, 261, 268], "excluded_lines": [105], "functions": {"ExceptionHandlingMiddleware.dispatch": {"executed_lines": [34, 35, 37, 39, 49, 56, 61, 63, 70, 80, 81, 90], "summary": {"covered_lines": 12, "num_statements": 14, "percent_covered": 85.71428571428571, "percent_covered_display": "86", "missing_lines": 2, "excluded_lines": 0, "percent_statements_covered": 85.71428571428571, "percent_statements_covered_display": "86"}, "missing_lines": [64, 65], "excluded_lines": [], "start_line": 33}, "handle_exceptions": {"executed_lines": [117, 119, 120, 166], "summary": {"covered_lines": 4, "num_statements": 4, "percent_covered": 100.0, "percent_covered_display": "100", "missing_lines": 0, "excluded_lines": 1, "percent_statements_covered": 100.0, "percent_statements_covered_display": "100"}, "missing_lines": [], "excluded_lines": [105], "start_line": 100}, "handle_exceptions.decorator": {"executed_lines": [121, 138, 139, 157, 158, 159, 160, 162], "summary": {"covered_lines": 8, "num_statements": 9, "percent_covered": 88.88888888888889, "percent_covered_display": "89", "missing_lines": 1, "excluded_lines": 0, "percent_statements_covered": 88.88888888888889, "percent_statements_covered_display": "89"}, "missing_lines": [164], "excluded_lines": [], "start_line": 119}, "handle_exceptions.decorator.async_wrapper": {"executed_lines": [122, 123, 124, 127, 128, 132], "summary": {"covered_lines": 6, "num_statements": 7, "percent_covered": 85.71428571428571, "percent_covered_display": "86", "missing_lines": 1, "excluded_lines": 0, "percent_statements_covered": 85.71428571428571, "percent_statements_covered_display": "86"}, "missing_lines": [126], "excluded_lines": [], "start_line": 121}, "handle_exceptions.decorator.sync_wrapper": {"executed_lines": [140, 141, 142, 144, 145, 146, 150], "summary": {"covered_lines": 7, "num_statements": 7, "percent_covered": 100.0, "percent_covered_display": "100", "missing_lines": 0, "excluded_lines": 0, "percent_statements_covered": 100.0, "percent_statements_covered_display": "100"}, "missing_lines": [], "excluded_lines": [], "start_line": 139}, "safe_execute": {"executed_lines": [187, 188, 189, 191, 192, 196], "summary": {"covered_lines": 6, "num_statements": 7, "percent_covered": 85.71428571428571, "percent_covered_display": "86", "missing_lines": 1, "excluded_lines": 0, "percent_statements_covered": 85.71428571428571, "percent_statements_covered_display": "86"}, "missing_lines": [190], "excluded_lines": [], "start_line": 169}, "log_exception": {"executed_lines": [], "summary": {"covered_lines": 0, "num_statements": 9, "percent_covered": 0.0, "percent_covered_display": "0", "missing_lines": 9, "excluded_lines": 0, "percent_statements_covered": 0.0, "percent_statements_covered_display": "0"}, "missing_lines": [219, 221, 222, 224, 229, 230, 236, 237, 239], "excluded_lines": [], "start_line": 206}, "create_error_response": {"executed_lines": [], "summary": {"covered_lines": 0, "num_statements": 2, "percent_covered": 0.0, "percent_covered_display": "0", "missing_lines": 2, "excluded_lines": 0, "percent_statements_covered": 0.0, "percent_statements_covered_display": "0"}, "missing_lines": [261, 268], "excluded_lines": [], "start_line": 250}, "assert_not_none": {"executed_lines": [277, 278, 279, 280], "summary": {"covered_lines": 4, "num_statements": 4, "percent_covered": 100.0, "percent_covered_display": "100", "missing_lines": 0, "excluded_lines": 0, "percent_statements_covered": 100.0, "percent_statements_covered_display": "100"}, "missing_lines": [], "excluded_lines": [], "start_line": 275}, "assert_valid_format": {"executed_lines": [290, 291, 292, 293, 294], "summary": {"covered_lines": 5, "num_statements": 5, "percent_covered": 100.0, "percent_covered_display": "100", "missing_lines": 0, "excluded_lines": 0, "percent_statements_covered": 100.0, "percent_statements_covered_display": "100"}, "missing_lines": [], "excluded_lines": [], "start_line": 283}, "assert_in_range": {"executed_lines": [308, 309, 311, 312, 313, 314], "summary": {"covered_lines": 6, "num_statements": 6, "percent_covered": 100.0, "percent_covered_display": "100", "missing_lines": 0, "excluded_lines": 0, "percent_statements_covered": 100.0, "percent_statements_covered_display": "100"}, "missing_lines": [], "excluded_lines": [], "start_line": 297}, "": {"executed_lines": [5, 6, 7, 8, 9, 11, 12, 13, 14, 16, 23, 30, 33, 100, 169, 206, 250, 275, 283, 297], "summary": {"covered_lines": 20, "num_statements": 20, "percent_covered": 100.0, "percent_covered_display": "100", "missing_lines": 0, "excluded_lines": 0, "percent_statements_covered": 100.0, "percent_statements_covered_display": "100"}, "missing_lines": [], "excluded_lines": [], "start_line": 1}}, "classes": {"ExceptionHandlingMiddleware": {"executed_lines": [34, 35, 37, 39, 49, 56, 61, 63, 70, 80, 81, 90], "summary": {"covered_lines": 12, "num_statements": 14, "percent_covered": 85.71428571428571, "percent_covered_display": "86", "missing_lines": 2, "excluded_lines": 0, "percent_statements_covered": 85.71428571428571, "percent_statements_covered_display": "86"}, "missing_lines": [64, 65], "excluded_lines": [], "start_line": 30}, "": {"executed_lines": [5, 6, 7, 8, 9, 11, 12, 13, 14, 16, 23, 30, 33, 100, 117, 119, 120, 121, 122, 123, 124, 127, 128, 132, 138, 139, 140, 141, 142, 144, 145, 146, 150, 157, 158, 159, 160, 162, 166, 169, 187, 188, 189, 191, 192, 196, 206, 250, 275, 277, 278, 279, 280, 283, 290, 291, 292, 293, 294, 297, 308, 309, 311, 312, 313, 314], "summary": {"covered_lines": 66, "num_statements": 80, "percent_covered": 82.5, "percent_covered_display": "82", "missing_lines": 14, "excluded_lines": 1, "percent_statements_covered": 82.5, "percent_statements_covered_display": "82"}, "missing_lines": [126, 164, 190, 219, 221, 222, 224, 229, 230, 236, 237, 239, 261, 268], "excluded_lines": [105], "start_line": 1}}}, "app\\exceptions.py": {"executed_lines": [5, 6, 7, 14, 18, 19, 20, 21, 22, 23, 24, 27, 28, 29, 32, 33, 34, 35, 36, 39, 40, 41, 42, 45, 46, 47, 48, 51, 52, 53, 54, 57, 58, 59, 60, 67, 70, 77, 78, 79, 80, 82, 85, 88, 94, 102, 105, 111, 119, 122, 128, 136, 139, 150, 151, 152, 154, 162, 165, 182, 185, 191, 199, 202, 216, 219, 236, 239, 240, 241, 242, 243, 245, 247, 256], "summary": {"covered_lines": 75, "num_statements": 81, "percent_covered": 92.5925925925926, "percent_covered_display": "93", "missing_lines": 6, "excluded_lines": 0, "percent_statements_covered": 92.5925925925926, "percent_statements_covered_display": "93"}, "missing_lines": [173, 174, 208, 224, 258, 265], "excluded_lines": [], "functions": {"AppException.__init__": {"executed_lines": [77, 78, 79, 80, 82], "summary": {"covered_lines": 5, "num_statements": 5, "percent_covered": 100.0, "percent_covered_display": "100", "missing_lines": 0, "excluded_lines": 0, "percent_statements_covered": 100.0, "percent_statements_covered_display": "100"}, "missing_lines": [], "excluded_lines": [], "start_line": 70}, "AuthenticationException.__init__": {"executed_lines": [94], "summary": {"covered_lines": 1, "num_statements": 1, "percent_covered": 100.0, "percent_covered_display": "100", "missing_lines": 0, "excluded_lines": 0, "percent_statements_covered": 100.0, "percent_statements_covered_display": "100"}, "missing_lines": [], "excluded_lines": [], "start_line": 88}, "AuthorizationException.__init__": {"executed_lines": [111], "summary": {"covered_lines": 1, "num_statements": 1, "percent_covered": 100.0, "percent_covered_display": "100", "missing_lines": 0, "excluded_lines": 0, "percent_statements_covered": 100.0, "percent_statements_covered_display": "100"}, "missing_lines": [], "excluded_lines": [], "start_line": 105}, "ValidationException.__init__": {"executed_lines": [128], "summary": {"covered_lines": 1, "num_statements": 1, "percent_covered": 100.0, "percent_covered_display": "100", "missing_lines": 0, "excluded_lines": 0, "percent_statements_covered": 100.0, "percent_statements_covered_display": "100"}, "missing_lines": [], "excluded_lines": [], "start_line": 122}, "ResourceNotFoundException.__init__": {"executed_lines": [150, 151, 152, 154], "summary": {"covered_lines": 4, "num_statements": 4, "percent_covered": 100.0, "percent_covered_display": "100", "missing_lines": 0, "excluded_lines": 0, "percent_statements_covered": 100.0, "percent_statements_covered_display": "100"}, "missing_lines": [], "excluded_lines": [], "start_line": 139}, "ResourceConflictException.__init__": {"executed_lines": [], "summary": {"covered_lines": 0, "num_statements": 2, "percent_covered": 0.0, "percent_covered_display": "0", "missing_lines": 2, "excluded_lines": 0, "percent_statements_covered": 0.0, "percent_statements_covered_display": "0"}, "missing_lines": [173, 174], "excluded_lines": [], "start_line": 165}, "BusinessException.__init__": {"executed_lines": [191], "summary": {"covered_lines": 1, "num_statements": 1, "percent_covered": 100.0, "percent_covered_display": "100", "missing_lines": 0, "excluded_lines": 0, "percent_statements_covered": 100.0, "percent_statements_covered_display": "100"}, "missing_lines": [], "excluded_lines": [], "start_line": 185}, "ServiceException.__init__": {"executed_lines": [], "summary": {"covered_lines": 0, "num_statements": 1, "percent_covered": 0.0, "percent_covered_display": "0", "missing_lines": 1, "excluded_lines": 0, "percent_statements_covered": 0.0, "percent_statements_covered_display": "0"}, "missing_lines": [208], "excluded_lines": [], "start_line": 202}, "DatabaseException.__init__": {"executed_lines": [], "summary": {"covered_lines": 0, "num_statements": 1, "percent_covered": 0.0, "percent_covered_display": "0", "missing_lines": 1, "excluded_lines": 0, "percent_statements_covered": 0.0, "percent_statements_covered_display": "0"}, "missing_lines": [224], "excluded_lines": [], "start_line": 219}, "ErrorDetail.__init__": {"executed_lines": [240, 241, 242, 243], "summary": {"covered_lines": 4, "num_statements": 4, "percent_covered": 100.0, "percent_covered_display": "100", "missing_lines": 0, "excluded_lines": 0, "percent_statements_covered": 100.0, "percent_statements_covered_display": "100"}, "missing_lines": [], "excluded_lines": [], "start_line": 239}, "ErrorDetail.to_dict": {"executed_lines": [247], "summary": {"covered_lines": 1, "num_statements": 1, "percent_covered": 100.0, "percent_covered_display": "100", "missing_lines": 0, "excluded_lines": 0, "percent_statements_covered": 100.0, "percent_statements_covered_display": "100"}, "missing_lines": [], "excluded_lines": [], "start_line": 245}, "exception_to_http_exception": {"executed_lines": [], "summary": {"covered_lines": 0, "num_statements": 2, "percent_covered": 0.0, "percent_covered_display": "0", "missing_lines": 2, "excluded_lines": 0, "percent_statements_covered": 0.0, "percent_statements_covered_display": "0"}, "missing_lines": [258, 265], "excluded_lines": [], "start_line": 256}, "": {"executed_lines": [5, 6, 7, 14, 18, 19, 20, 21, 22, 23, 24, 27, 28, 29, 32, 33, 34, 35, 36, 39, 40, 41, 42, 45, 46, 47, 48, 51, 52, 53, 54, 57, 58, 59, 60, 67, 70, 85, 88, 102, 105, 119, 122, 136, 139, 162, 165, 182, 185, 199, 202, 216, 219, 236, 239, 245, 256], "summary": {"covered_lines": 57, "num_statements": 57, "percent_covered": 100.0, "percent_covered_display": "100", "missing_lines": 0, "excluded_lines": 0, "percent_statements_covered": 100.0, "percent_statements_covered_display": "100"}, "missing_lines": [], "excluded_lines": [], "start_line": 1}}, "classes": {"ErrorCode": {"executed_lines": [], "summary": {"covered_lines": 0, "num_statements": 0, "percent_covered": 100.0, "percent_covered_display": "100", "missing_lines": 0, "excluded_lines": 0, "percent_statements_covered": 100.0, "percent_statements_covered_display": "100"}, "missing_lines": [], "excluded_lines": [], "start_line": 14}, "AppException": {"executed_lines": [77, 78, 79, 80, 82], "summary": {"covered_lines": 5, "num_statements": 5, "percent_covered": 100.0, "percent_covered_display": "100", "missing_lines": 0, "excluded_lines": 0, "percent_statements_covered": 100.0, "percent_statements_covered_display": "100"}, "missing_lines": [], "excluded_lines": [], "start_line": 67}, "AuthenticationException": {"executed_lines": [94], "summary": {"covered_lines": 1, "num_statements": 1, "percent_covered": 100.0, "percent_covered_display": "100", "missing_lines": 0, "excluded_lines": 0, "percent_statements_covered": 100.0, "percent_statements_covered_display": "100"}, "missing_lines": [], "excluded_lines": [], "start_line": 85}, "AuthorizationException": {"executed_lines": [111], "summary": {"covered_lines": 1, "num_statements": 1, "percent_covered": 100.0, "percent_covered_display": "100", "missing_lines": 0, "excluded_lines": 0, "percent_statements_covered": 100.0, "percent_statements_covered_display": "100"}, "missing_lines": [], "excluded_lines": [], "start_line": 102}, "ValidationException": {"executed_lines": [128], "summary": {"covered_lines": 1, "num_statements": 1, "percent_covered": 100.0, "percent_covered_display": "100", "missing_lines": 0, "excluded_lines": 0, "percent_statements_covered": 100.0, "percent_statements_covered_display": "100"}, "missing_lines": [], "excluded_lines": [], "start_line": 119}, "ResourceNotFoundException": {"executed_lines": [150, 151, 152, 154], "summary": {"covered_lines": 4, "num_statements": 4, "percent_covered": 100.0, "percent_covered_display": "100", "missing_lines": 0, "excluded_lines": 0, "percent_statements_covered": 100.0, "percent_statements_covered_display": "100"}, "missing_lines": [], "excluded_lines": [], "start_line": 136}, "ResourceConflictException": {"executed_lines": [], "summary": {"covered_lines": 0, "num_statements": 2, "percent_covered": 0.0, "percent_covered_display": "0", "missing_lines": 2, "excluded_lines": 0, "percent_statements_covered": 0.0, "percent_statements_covered_display": "0"}, "missing_lines": [173, 174], "excluded_lines": [], "start_line": 162}, "BusinessException": {"executed_lines": [191], "summary": {"covered_lines": 1, "num_statements": 1, "percent_covered": 100.0, "percent_covered_display": "100", "missing_lines": 0, "excluded_lines": 0, "percent_statements_covered": 100.0, "percent_statements_covered_display": "100"}, "missing_lines": [], "excluded_lines": [], "start_line": 182}, "ServiceException": {"executed_lines": [], "summary": {"covered_lines": 0, "num_statements": 1, "percent_covered": 0.0, "percent_covered_display": "0", "missing_lines": 1, "excluded_lines": 0, "percent_statements_covered": 0.0, "percent_statements_covered_display": "0"}, "missing_lines": [208], "excluded_lines": [], "start_line": 199}, "DatabaseException": {"executed_lines": [], "summary": {"covered_lines": 0, "num_statements": 1, "percent_covered": 0.0, "percent_covered_display": "0", "missing_lines": 1, "excluded_lines": 0, "percent_statements_covered": 0.0, "percent_statements_covered_display": "0"}, "missing_lines": [224], "excluded_lines": [], "start_line": 216}, "ErrorDetail": {"executed_lines": [240, 241, 242, 243, 247], "summary": {"covered_lines": 5, "num_statements": 5, "percent_covered": 100.0, "percent_covered_display": "100", "missing_lines": 0, "excluded_lines": 0, "percent_statements_covered": 100.0, "percent_statements_covered_display": "100"}, "missing_lines": [], "excluded_lines": [], "start_line": 236}, "": {"executed_lines": [5, 6, 7, 14, 18, 19, 20, 21, 22, 23, 24, 27, 28, 29, 32, 33, 34, 35, 36, 39, 40, 41, 42, 45, 46, 47, 48, 51, 52, 53, 54, 57, 58, 59, 60, 67, 70, 85, 88, 102, 105, 119, 122, 136, 139, 162, 165, 182, 185, 199, 202, 216, 219, 236, 239, 245, 256], "summary": {"covered_lines": 57, "num_statements": 59, "percent_covered": 96.61016949152543, "percent_covered_display": "97", "missing_lines": 2, "excluded_lines": 0, "percent_statements_covered": 96.61016949152543, "percent_statements_covered_display": "97"}, "missing_lines": [258, 265], "excluded_lines": [], "start_line": 1}}}, "app\\models\\__init__.py": {"executed_lines": [3, 4, 5, 6, 7, 9], "summary": {"covered_lines": 6, "num_statements": 6, "percent_covered": 100.0, "percent_covered_display": "100", "missing_lines": 0, "excluded_lines": 0, "percent_statements_covered": 100.0, "percent_statements_covered_display": "100"}, "missing_lines": [], "excluded_lines": [], "functions": {"": {"executed_lines": [3, 4, 5, 6, 7, 9], "summary": {"covered_lines": 6, "num_statements": 6, "percent_covered": 100.0, "percent_covered_display": "100", "missing_lines": 0, "excluded_lines": 0, "percent_statements_covered": 100.0, "percent_statements_covered_display": "100"}, "missing_lines": [], "excluded_lines": [], "start_line": 1}}, "classes": {"": {"executed_lines": [3, 4, 5, 6, 7, 9], "summary": {"covered_lines": 6, "num_statements": 6, "percent_covered": 100.0, "percent_covered_display": "100", "missing_lines": 0, "excluded_lines": 0, "percent_statements_covered": 100.0, "percent_statements_covered_display": "100"}, "missing_lines": [], "excluded_lines": [], "start_line": 1}}}, "app\\models\\base.py": {"executed_lines": [2, 4, 5, 7, 8, 11, 13, 14, 19, 20, 21, 22, 23, 24, 25, 26, 27, 28, 31, 33, 34, 39, 40, 41, 42, 43, 45, 46, 48, 49, 50, 53], "summary": {"covered_lines": 32, "num_statements": 32, "percent_covered": 100.0, "percent_covered_display": "100", "missing_lines": 0, "excluded_lines": 0, "percent_statements_covered": 100.0, "percent_statements_covered_display": "100"}, "missing_lines": [], "excluded_lines": [], "functions": {"": {"executed_lines": [2, 4, 5, 7, 8, 11, 13, 14, 19, 20, 21, 22, 23, 24, 25, 26, 27, 28, 31, 33, 34, 39, 40, 41, 42, 43, 45, 46, 48, 49, 50, 53], "summary": {"covered_lines": 32, "num_statements": 32, "percent_covered": 100.0, "percent_covered_display": "100", "missing_lines": 0, "excluded_lines": 0, "percent_statements_covered": 100.0, "percent_statements_covered_display": "100"}, "missing_lines": [], "excluded_lines": [], "start_line": 1}}, "classes": {"User": {"executed_lines": [], "summary": {"covered_lines": 0, "num_statements": 0, "percent_covered": 100.0, "percent_covered_display": "100", "missing_lines": 0, "excluded_lines": 0, "percent_statements_covered": 100.0, "percent_statements_covered_display": "100"}, "missing_lines": [], "excluded_lines": [], "start_line": 11}, "RefreshToken": {"executed_lines": [], "summary": {"covered_lines": 0, "num_statements": 0, "percent_covered": 100.0, "percent_covered_display": "100", "missing_lines": 0, "excluded_lines": 0, "percent_statements_covered": 100.0, "percent_statements_covered_display": "100"}, "missing_lines": [], "excluded_lines": [], "start_line": 31}, "": {"executed_lines": [2, 4, 5, 7, 8, 11, 13, 14, 19, 20, 21, 22, 23, 24, 25, 26, 27, 28, 31, 33, 34, 39, 40, 41, 42, 43, 45, 46, 48, 49, 50, 53], "summary": {"covered_lines": 32, "num_statements": 32, "percent_covered": 100.0, "percent_covered_display": "100", "missing_lines": 0, "excluded_lines": 0, "percent_statements_covered": 100.0, "percent_statements_covered_display": "100"}, "missing_lines": [], "excluded_lines": [], "start_line": 1}}}, "app\\models\\case.py": {"executed_lines": [2, 4, 5, 6, 8, 9, 12, 14, 15, 17, 18, 19, 20, 21, 22, 23, 24, 25, 26, 27, 28, 29, 30, 31, 32, 33, 34, 35, 38, 40, 41, 43, 44, 45, 46, 47, 48, 49, 50, 51, 52, 53, 54, 55, 56, 57, 58, 59, 62], "summary": {"covered_lines": 49, "num_statements": 49, "percent_covered": 100.0, "percent_covered_display": "100", "missing_lines": 0, "excluded_lines": 0, "percent_statements_covered": 100.0, "percent_statements_covered_display": "100"}, "missing_lines": [], "excluded_lines": [], "functions": {"": {"executed_lines": [2, 4, 5, 6, 8, 9, 12, 14, 15, 17, 18, 19, 20, 21, 22, 23, 24, 25, 26, 27, 28, 29, 30, 31, 32, 33, 34, 35, 38, 40, 41, 43, 44, 45, 46, 47, 48, 49, 50, 51, 52, 53, 54, 55, 56, 57, 58, 59, 62], "summary": {"covered_lines": 49, "num_statements": 49, "percent_covered": 100.0, "percent_covered_display": "100", "missing_lines": 0, "excluded_lines": 0, "percent_statements_covered": 100.0, "percent_statements_covered_display": "100"}, "missing_lines": [], "excluded_lines": [], "start_line": 1}}, "classes": {"Case": {"executed_lines": [], "summary": {"covered_lines": 0, "num_statements": 0, "percent_covered": 100.0, "percent_covered_display": "100", "missing_lines": 0, "excluded_lines": 0, "percent_statements_covered": 100.0, "percent_statements_covered_display": "100"}, "missing_lines": [], "excluded_lines": [], "start_line": 12}, "Snapshot": {"executed_lines": [], "summary": {"covered_lines": 0, "num_statements": 0, "percent_covered": 100.0, "percent_covered_display": "100", "missing_lines": 0, "excluded_lines": 0, "percent_statements_covered": 100.0, "percent_statements_covered_display": "100"}, "missing_lines": [], "excluded_lines": [], "start_line": 38}, "": {"executed_lines": [2, 4, 5, 6, 8, 9, 12, 14, 15, 17, 18, 19, 20, 21, 22, 23, 24, 25, 26, 27, 28, 29, 30, 31, 32, 33, 34, 35, 38, 40, 41, 43, 44, 45, 46, 47, 48, 49, 50, 51, 52, 53, 54, 55, 56, 57, 58, 59, 62], "summary": {"covered_lines": 49, "num_statements": 49, "percent_covered": 100.0, "percent_covered_display": "100", "missing_lines": 0, "excluded_lines": 0, "percent_statements_covered": 100.0, "percent_statements_covered_display": "100"}, "missing_lines": [], "excluded_lines": [], "start_line": 1}}}, "app\\models\\event.py": {"executed_lines": [2, 4, 5, 7, 8, 10, 11, 14, 16, 17, 25, 26, 27, 28, 29, 31, 32, 33, 34, 36, 37, 39, 40, 42, 43, 44, 47, 48], "summary": {"covered_lines": 28, "num_statements": 28, "percent_covered": 100.0, "percent_covered_display": "100", "missing_lines": 0, "excluded_lines": 0, "percent_statements_covered": 100.0, "percent_statements_covered_display": "100"}, "missing_lines": [], "excluded_lines": [], "functions": {"": {"executed_lines": [2, 4, 5, 7, 8, 10, 11, 14, 16, 17, 25, 26, 27, 28, 29, 31, 32, 33, 34, 36, 37, 39, 40, 42, 43, 44, 47, 48], "summary": {"covered_lines": 28, "num_statements": 28, "percent_covered": 100.0, "percent_covered_display": "100", "missing_lines": 0, "excluded_lines": 0, "percent_statements_covered": 100.0, "percent_statements_covered_display": "100"}, "missing_lines": [], "excluded_lines": [], "start_line": 1}}, "classes": {"Event": {"executed_lines": [], "summary": {"covered_lines": 0, "num_statements": 0, "percent_covered": 100.0, "percent_covered_display": "100", "missing_lines": 0, "excluded_lines": 0, "percent_statements_covered": 100.0, "percent_statements_covered_display": "100"}, "missing_lines": [], "excluded_lines": [], "start_line": 14}, "": {"executed_lines": [2, 4, 5, 7, 8, 10, 11, 14, 16, 17, 25, 26, 27, 28, 29, 31, 32, 33, 34, 36, 37, 39, 40, 42, 43, 44, 47, 48], "summary": {"covered_lines": 28, "num_statements": 28, "percent_covered": 100.0, "percent_covered_display": "100", "missing_lines": 0, "excluded_lines": 0, "percent_statements_covered": 100.0, "percent_statements_covered_display": "100"}, "missing_lines": [], "excluded_lines": [], "start_line": 1}}}, "app\\models\\member.py": {"executed_lines": [2, 4, 5, 7, 8, 10, 13, 15, 16, 25, 26, 27, 28, 29, 30, 31, 32, 33, 34, 35, 36, 37, 38, 41], "summary": {"covered_lines": 24, "num_statements": 24, "percent_covered": 100.0, "percent_covered_display": "100", "missing_lines": 0, "excluded_lines": 0, "percent_statements_covered": 100.0, "percent_statements_covered_display": "100"}, "missing_lines": [], "excluded_lines": [], "functions": {"": {"executed_lines": [2, 4, 5, 7, 8, 10, 13, 15, 16, 25, 26, 27, 28, 29, 30, 31, 32, 33, 34, 35, 36, 37, 38, 41], "summary": {"covered_lines": 24, "num_statements": 24, "percent_covered": 100.0, "percent_covered_display": "100", "missing_lines": 0, "excluded_lines": 0, "percent_statements_covered": 100.0, "percent_statements_covered_display": "100"}, "missing_lines": [], "excluded_lines": [], "start_line": 1}}, "classes": {"Member": {"executed_lines": [], "summary": {"covered_lines": 0, "num_statements": 0, "percent_covered": 100.0, "percent_covered_display": "100", "missing_lines": 0, "excluded_lines": 0, "percent_statements_covered": 100.0, "percent_statements_covered_display": "100"}, "missing_lines": [], "excluded_lines": [], "start_line": 13}, "": {"executed_lines": [2, 4, 5, 7, 8, 10, 13, 15, 16, 25, 26, 27, 28, 29, 30, 31, 32, 33, 34, 35, 36, 37, 38, 41], "summary": {"covered_lines": 24, "num_statements": 24, "percent_covered": 100.0, "percent_covered_display": "100", "missing_lines": 0, "excluded_lines": 0, "percent_statements_covered": 100.0, "percent_statements_covered_display": "100"}, "missing_lines": [], "excluded_lines": [], "start_line": 1}}}, "app\\models\\other.py": {"executed_lines": [2, 4, 5, 7, 8, 10, 13, 15, 16, 22, 23, 24, 25, 26, 27, 28, 29, 30, 31, 32, 35, 37, 38, 42, 43, 44, 45, 46, 47, 48, 49, 50, 53, 55, 56, 58, 59, 60, 61, 62, 63, 64, 65, 66, 67, 68, 69, 72], "summary": {"covered_lines": 48, "num_statements": 48, "percent_covered": 100.0, "percent_covered_display": "100", "missing_lines": 0, "excluded_lines": 0, "percent_statements_covered": 100.0, "percent_statements_covered_display": "100"}, "missing_lines": [], "excluded_lines": [], "functions": {"": {"executed_lines": [2, 4, 5, 7, 8, 10, 13, 15, 16, 22, 23, 24, 25, 26, 27, 28, 29, 30, 31, 32, 35, 37, 38, 42, 43, 44, 45, 46, 47, 48, 49, 50, 53, 55, 56, 58, 59, 60, 61, 62, 63, 64, 65, 66, 67, 68, 69, 72], "summary": {"covered_lines": 48, "num_statements": 48, "percent_covered": 100.0, "percent_covered_display": "100", "missing_lines": 0, "excluded_lines": 0, "percent_statements_covered": 100.0, "percent_statements_covered_display": "100"}, "missing_lines": [], "excluded_lines": [], "start_line": 1}}, "classes": {"Scenario": {"executed_lines": [], "summary": {"covered_lines": 0, "num_statements": 0, "percent_covered": 100.0, "percent_covered_display": "100", "missing_lines": 0, "excluded_lines": 0, "percent_statements_covered": 100.0, "percent_statements_covered_display": "100"}, "missing_lines": [], "excluded_lines": [], "start_line": 13}, "Delegation": {"executed_lines": [], "summary": {"covered_lines": 0, "num_statements": 0, "percent_covered": 100.0, "percent_covered_display": "100", "missing_lines": 0, "excluded_lines": 0, "percent_statements_covered": 100.0, "percent_statements_covered_display": "100"}, "missing_lines": [], "excluded_lines": [], "start_line": 35}, "AuditLog": {"executed_lines": [], "summary": {"covered_lines": 0, "num_statements": 0, "percent_covered": 100.0, "percent_covered_display": "100", "missing_lines": 0, "excluded_lines": 0, "percent_statements_covered": 100.0, "percent_statements_covered_display": "100"}, "missing_lines": [], "excluded_lines": [], "start_line": 53}, "": {"executed_lines": [2, 4, 5, 7, 8, 10, 13, 15, 16, 22, 23, 24, 25, 26, 27, 28, 29, 30, 31, 32, 35, 37, 38, 42, 43, 44, 45, 46, 47, 48, 49, 50, 53, 55, 56, 58, 59, 60, 61, 62, 63, 64, 65, 66, 67, 68, 69, 72], "summary": {"covered_lines": 48, "num_statements": 48, "percent_covered": 100.0, "percent_covered_display": "100", "missing_lines": 0, "excluded_lines": 0, "percent_statements_covered": 100.0, "percent_statements_covered_display": "100"}, "missing_lines": [], "excluded_lines": [], "start_line": 1}}}, "app\\openapi_docs.py": {"executed_lines": [5, 6, 7, 8, 9, 16, 26, 30, 38, 41, 45, 74, 149, 150, 151, 154, 158, 167, 168, 169, 171, 172, 179, 182, 183, 196, 197, 225, 228, 229, 254, 257, 258, 260, 262, 267, 271, 273, 276, 277, 284, 320, 323, 324, 328, 329, 331, 332, 334], "summary": {"covered_lines": 49, "num_statements": 69, "percent_covered": 71.01449275362319, "percent_covered_display": "71", "missing_lines": 20, "excluded_lines": 0, "percent_statements_covered": 71.01449275362319, "percent_statements_covered_display": "71"}, "missing_lines": [27, 39, 42, 152, 155, 189, 203, 235, 238, 240, 241, 242, 243, 244, 245, 247, 269, 274, 286, 325], "excluded_lines": [], "functions": {"get_openapi_with_error_schemas": {"executed_lines": [26, 30, 38, 41, 45, 74, 149, 150, 151, 154, 158, 167, 168, 169, 171, 172], "summary": {"covered_lines": 16, "num_statements": 21, "percent_covered": 76.19047619047619, "percent_covered_display": "76", "missing_lines": 5, "excluded_lines": 0, "percent_statements_covered": 76.19047619047619, "percent_statements_covered_display": "76"}, "missing_lines": [27, 39, 42, 152, 155], "excluded_lines": [], "start_line": 16}, "APIEndpointDoc.success_response": {"executed_lines": [], "summary": {"covered_lines": 0, "num_statements": 1, "percent_covered": 0.0, "percent_covered_display": "0", "missing_lines": 1, "excluded_lines": 0, "percent_statements_covered": 0.0, "percent_statements_covered_display": "0"}, "missing_lines": [189], "excluded_lines": [], "start_line": 183}, "APIEndpointDoc.error_response": {"executed_lines": [], "summary": {"covered_lines": 0, "num_statements": 1, "percent_covered": 0.0, "percent_covered_display": "0", "missing_lines": 1, "excluded_lines": 0, "percent_statements_covered": 0.0, "percent_statements_covered_display": "0"}, "missing_lines": [203], "excluded_lines": [], "start_line": 197}, "ServiceDocGenerator.generate_service_doc": {"executed_lines": [], "summary": {"covered_lines": 0, "num_statements": 9, "percent_covered": 0.0, "percent_covered_display": "0", "missing_lines": 9, "excluded_lines": 0, "percent_statements_covered": 0.0, "percent_statements_covered_display": "0"}, "missing_lines": [235, 238, 240, 241, 242, 243, 244, 245, 247], "excluded_lines": [], "start_line": 229}, "APIVersionManager.__init__": {"executed_lines": [258], "summary": {"covered_lines": 1, "num_statements": 1, "percent_covered": 100.0, "percent_covered_display": "100", "missing_lines": 0, "excluded_lines": 0, "percent_statements_covered": 100.0, "percent_statements_covered_display": "100"}, "missing_lines": [], "excluded_lines": [], "start_line": 257}, "APIVersionManager.register_version": {"executed_lines": [262], "summary": {"covered_lines": 1, "num_statements": 1, "percent_covered": 100.0, "percent_covered_display": "100", "missing_lines": 0, "excluded_lines": 0, "percent_statements_covered": 100.0, "percent_statements_covered_display": "100"}, "missing_lines": [], "excluded_lines": [], "start_line": 260}, "APIVersionManager.get_versions": {"executed_lines": [], "summary": {"covered_lines": 0, "num_statements": 1, "percent_covered": 0.0, "percent_covered_display": "0", "missing_lines": 1, "excluded_lines": 0, "percent_statements_covered": 0.0, "percent_statements_covered_display": "0"}, "missing_lines": [269], "excluded_lines": [], "start_line": 267}, "APIVersionManager.add_version_info_to_openapi": {"executed_lines": [273, 276, 277], "summary": {"covered_lines": 3, "num_statements": 4, "percent_covered": 75.0, "percent_covered_display": "75", "missing_lines": 1, "excluded_lines": 0, "percent_statements_covered": 75.0, "percent_statements_covered_display": "75"}, "missing_lines": [274], "excluded_lines": [], "start_line": 271}, "get_swagger_ui_html_custom": {"executed_lines": [], "summary": {"covered_lines": 0, "num_statements": 1, "percent_covered": 0.0, "percent_covered_display": "0", "missing_lines": 1, "excluded_lines": 0, "percent_statements_covered": 0.0, "percent_statements_covered_display": "0"}, "missing_lines": [286], "excluded_lines": [], "start_line": 284}, "setup_openapi_docs": {"executed_lines": [323, 324, 328, 329, 331, 332, 334], "summary": {"covered_lines": 7, "num_statements": 7, "percent_covered": 100.0, "percent_covered_display": "100", "missing_lines": 0, "excluded_lines": 0, "percent_statements_covered": 100.0, "percent_statements_covered_display": "100"}, "missing_lines": [], "excluded_lines": [], "start_line": 320}, "setup_openapi_docs.get_openapi": {"executed_lines": [], "summary": {"covered_lines": 0, "num_statements": 1, "percent_covered": 0.0, "percent_covered_display": "0", "missing_lines": 1, "excluded_lines": 0, "percent_statements_covered": 0.0, "percent_statements_covered_display": "0"}, "missing_lines": [325], "excluded_lines": [], "start_line": 324}, "": {"executed_lines": [5, 6, 7, 8, 9, 16, 179, 182, 183, 196, 197, 225, 228, 229, 254, 257, 260, 267, 271, 284, 320], "summary": {"covered_lines": 21, "num_statements": 21, "percent_covered": 100.0, "percent_covered_display": "100", "missing_lines": 0, "excluded_lines": 0, "percent_statements_covered": 100.0, "percent_statements_covered_display": "100"}, "missing_lines": [], "excluded_lines": [], "start_line": 1}}, "classes": {"APIEndpointDoc": {"executed_lines": [], "summary": {"covered_lines": 0, "num_statements": 2, "percent_covered": 0.0, "percent_covered_display": "0", "missing_lines": 2, "excluded_lines": 0, "percent_statements_covered": 0.0, "percent_statements_covered_display": "0"}, "missing_lines": [189, 203], "excluded_lines": [], "start_line": 179}, "ServiceDocGenerator": {"executed_lines": [], "summary": {"covered_lines": 0, "num_statements": 9, "percent_covered": 0.0, "percent_covered_display": "0", "missing_lines": 9, "excluded_lines": 0, "percent_statements_covered": 0.0, "percent_statements_covered_display": "0"}, "missing_lines": [235, 238, 240, 241, 242, 243, 244, 245, 247], "excluded_lines": [], "start_line": 225}, "APIVersionManager": {"executed_lines": [258, 262, 273, 276, 277], "summary": {"covered_lines": 5, "num_statements": 7, "percent_covered": 71.42857142857143, "percent_covered_display": "71", "missing_lines": 2, "excluded_lines": 0, "percent_statements_covered": 71.42857142857143, "percent_statements_covered_display": "71"}, "missing_lines": [269, 274], "excluded_lines": [], "start_line": 254}, "": {"executed_lines": [5, 6, 7, 8, 9, 16, 26, 30, 38, 41, 45, 74, 149, 150, 151, 154, 158, 167, 168, 169, 171, 172, 179, 182, 183, 196, 197, 225, 228, 229, 254, 257, 260, 267, 271, 284, 320, 323, 324, 328, 329, 331, 332, 334], "summary": {"covered_lines": 44, "num_statements": 51, "percent_covered": 86.27450980392157, "percent_covered_display": "86", "missing_lines": 7, "excluded_lines": 0, "percent_statements_covered": 86.27450980392157, "percent_statements_covered_display": "86"}, "missing_lines": [27, 39, 42, 152, 155, 286, 325], "excluded_lines": [], "start_line": 1}}}, "app\\schemas\\__init__.py": {"executed_lines": [2, 5, 29, 36, 67, 76, 86, 92], "summary": {"covered_lines": 8, "num_statements": 8, "percent_covered": 100.0, "percent_covered_display": "100", "missing_lines": 0, "excluded_lines": 0, "percent_statements_covered": 100.0, "percent_statements_covered_display": "100"}, "missing_lines": [], "excluded_lines": [], "functions": {"": {"executed_lines": [2, 5, 29, 36, 67, 76, 86, 92], "summary": {"covered_lines": 8, "num_statements": 8, "percent_covered": 100.0, "percent_covered_display": "100", "missing_lines": 0, "excluded_lines": 0, "percent_statements_covered": 100.0, "percent_statements_covered_display": "100"}, "missing_lines": [], "excluded_lines": [], "start_line": 1}}, "classes": {"": {"executed_lines": [2, 5, 29, 36, 67, 76, 86, 92], "summary": {"covered_lines": 8, "num_statements": 8, "percent_covered": 100.0, "percent_covered_display": "100", "missing_lines": 0, "excluded_lines": 0, "percent_statements_covered": 100.0, "percent_statements_covered_display": "100"}, "missing_lines": [], "excluded_lines": [], "start_line": 1}}}, "app\\schemas\\analysis.py": {"executed_lines": [25, 27, 29, 36, 38, 39, 40, 41, 42, 43, 44, 45, 46, 47, 48, 55, 57, 58, 59, 60, 61, 62, 63, 64, 65, 66, 67, 69, 70, 71, 72, 78, 81, 83, 84, 85, 86, 87, 88, 91, 93, 94, 95, 96, 97, 98, 99, 101, 102, 103, 104, 109, 112, 114, 115, 116, 117, 118, 119, 120, 121, 128, 130, 131, 132, 133, 134, 135, 136, 137, 138, 139, 141, 142, 143, 144, 152, 155, 157, 158, 159, 160, 161, 162, 163, 164, 165, 166, 168, 169, 170, 171, 179, 182, 184, 185, 186, 187, 188, 189, 190, 191, 192, 193, 194, 195, 196, 198, 199, 200, 201, 211, 214, 216, 217, 218, 219, 220, 221, 222, 223, 224, 225, 226, 228, 229, 230, 231, 240, 243, 245, 246, 247, 248, 249, 250, 251, 252, 253, 255, 256, 257, 258, 265, 267, 269, 270, 271, 272, 273, 274, 275, 276, 277, 278, 280, 281, 282, 283, 291, 294, 296, 297, 298, 299, 300, 301, 302, 303, 304, 311, 313, 314, 315, 316, 319, 321, 322, 323, 324, 325, 326, 329, 331, 332, 333, 334, 335, 336, 337, 340, 342, 343, 344, 345, 346, 347, 348, 351, 353, 354, 355, 356, 357, 358, 365, 367, 368, 369, 370, 371, 372, 373, 376, 378, 379, 380, 381, 382, 383, 384, 385, 386, 387, 388, 395, 397, 398, 399, 400, 401], "summary": {"covered_lines": 231, "num_statements": 231, "percent_covered": 100.0, "percent_covered_display": "100", "missing_lines": 0, "excluded_lines": 0, "percent_statements_covered": 100.0, "percent_statements_covered_display": "100"}, "missing_lines": [], "excluded_lines": [], "functions": {"GejuModel._fill_fact_data": {"executed_lines": [71, 72, 78], "summary": {"covered_lines": 3, "num_statements": 3, "percent_covered": 100.0, "percent_covered_display": "100", "missing_lines": 0, "excluded_lines": 0, "percent_statements_covered": 100.0, "percent_statements_covered_display": "100"}, "missing_lines": [], "excluded_lines": [], "start_line": 70}, "PalaceModel._fill_fact_data": {"executed_lines": [103, 104, 109], "summary": {"covered_lines": 3, "num_statements": 3, "percent_covered": 100.0, "percent_covered_display": "100", "missing_lines": 0, "excluded_lines": 0, "percent_statements_covered": 100.0, "percent_statements_covered_display": "100"}, "missing_lines": [], "excluded_lines": [], "start_line": 102}, "WealthAnalysisModel._fill_fact_data": {"executed_lines": [143, 144, 152], "summary": {"covered_lines": 3, "num_statements": 3, "percent_covered": 100.0, "percent_covered_display": "100", "missing_lines": 0, "excluded_lines": 0, "percent_statements_covered": 100.0, "percent_statements_covered_display": "100"}, "missing_lines": [], "excluded_lines": [], "start_line": 142}, "CareerAnalysisModel._fill_fact_data": {"executed_lines": [170, 171, 179], "summary": {"covered_lines": 3, "num_statements": 3, "percent_covered": 100.0, "percent_covered_display": "100", "missing_lines": 0, "excluded_lines": 0, "percent_statements_covered": 100.0, "percent_statements_covered_display": "100"}, "missing_lines": [], "excluded_lines": [], "start_line": 169}, "MarriageAnalysisModel._fill_fact_data": {"executed_lines": [200, 201, 211], "summary": {"covered_lines": 3, "num_statements": 3, "percent_covered": 100.0, "percent_covered_display": "100", "missing_lines": 0, "excluded_lines": 0, "percent_statements_covered": 100.0, "percent_statements_covered_display": "100"}, "missing_lines": [], "excluded_lines": [], "start_line": 199}, "HealthAnalysisModel._fill_fact_data": {"executed_lines": [230, 231, 240], "summary": {"covered_lines": 3, "num_statements": 3, "percent_covered": 100.0, "percent_covered_display": "100", "missing_lines": 0, "excluded_lines": 0, "percent_statements_covered": 100.0, "percent_statements_covered_display": "100"}, "missing_lines": [], "excluded_lines": [], "start_line": 229}, "RelationshipAnalysisModel._fill_fact_data": {"executed_lines": [257, 258, 265], "summary": {"covered_lines": 3, "num_statements": 3, "percent_covered": 100.0, "percent_covered_display": "100", "missing_lines": 0, "excluded_lines": 0, "percent_statements_covered": 100.0, "percent_statements_covered_display": "100"}, "missing_lines": [], "excluded_lines": [], "start_line": 256}, "PersonalityModel._fill_fact_data": {"executed_lines": [282, 283, 291], "summary": {"covered_lines": 3, "num_statements": 3, "percent_covered": 100.0, "percent_covered_display": "100", "missing_lines": 0, "excluded_lines": 0, "percent_statements_covered": 100.0, "percent_statements_covered_display": "100"}, "missing_lines": [], "excluded_lines": [], "start_line": 281}, "": {"executed_lines": [25, 27, 29, 36, 38, 39, 40, 41, 42, 43, 44, 45, 46, 47, 48, 55, 57, 58, 59, 60, 61, 62, 63, 64, 65, 66, 67, 69, 70, 81, 83, 84, 85, 86, 87, 88, 91, 93, 94, 95, 96, 97, 98, 99, 101, 102, 112, 114, 115, 116, 117, 118, 119, 120, 121, 128, 130, 131, 132, 133, 134, 135, 136, 137, 138, 139, 141, 142, 155, 157, 158, 159, 160, 161, 162, 163, 164, 165, 166, 168, 169, 182, 184, 185, 186, 187, 188, 189, 190, 191, 192, 193, 194, 195, 196, 198, 199, 214, 216, 217, 218, 219, 220, 221, 222, 223, 224, 225, 226, 228, 229, 243, 245, 246, 247, 248, 249, 250, 251, 252, 253, 255, 256, 267, 269, 270, 271, 272, 273, 274, 275, 276, 277, 278, 280, 281, 294, 296, 297, 298, 299, 300, 301, 302, 303, 304, 311, 313, 314, 315, 316, 319, 321, 322, 323, 324, 325, 326, 329, 331, 332, 333, 334, 335, 336, 337, 340, 342, 343, 344, 345, 346, 347, 348, 351, 353, 354, 355, 356, 357, 358, 365, 367, 368, 369, 370, 371, 372, 373, 376, 378, 379, 380, 381, 382, 383, 384, 385, 386, 387, 388, 395, 397, 398, 399, 400, 401], "summary": {"covered_lines": 207, "num_statements": 207, "percent_covered": 100.0, "percent_covered_display": "100", "missing_lines": 0, "excluded_lines": 0, "percent_statements_covered": 100.0, "percent_statements_covered_display": "100"}, "missing_lines": [], "excluded_lines": [], "start_line": 1}}, "classes": {"LifeArcModel": {"executed_lines": [], "summary": {"covered_lines": 0, "num_statements": 0, "percent_covered": 100.0, "percent_covered_display": "100", "missing_lines": 0, "excluded_lines": 0, "percent_statements_covered": 100.0, "percent_statements_covered_display": "100"}, "missing_lines": [], "excluded_lines": [], "start_line": 36}, "GejuModel": {"executed_lines": [71, 72, 78], "summary": {"covered_lines": 3, "num_statements": 3, "percent_covered": 100.0, "percent_covered_display": "100", "missing_lines": 0, "excluded_lines": 0, "percent_statements_covered": 100.0, "percent_statements_covered_display": "100"}, "missing_lines": [], "excluded_lines": [], "start_line": 55}, "PalaceItemModel": {"executed_lines": [], "summary": {"covered_lines": 0, "num_statements": 0, "percent_covered": 100.0, "percent_covered_display": "100", "missing_lines": 0, "excluded_lines": 0, "percent_statements_covered": 100.0, "percent_statements_covered_display": "100"}, "missing_lines": [], "excluded_lines": [], "start_line": 81}, "PalaceModel": {"executed_lines": [103, 104, 109], "summary": {"covered_lines": 3, "num_statements": 3, "percent_covered": 100.0, "percent_covered_display": "100", "missing_lines": 0, "excluded_lines": 0, "percent_statements_covered": 100.0, "percent_statements_covered_display": "100"}, "missing_lines": [], "excluded_lines": [], "start_line": 91}, "ShenshaModel": {"executed_lines": [], "summary": {"covered_lines": 0, "num_statements": 0, "percent_covered": 100.0, "percent_covered_display": "100", "missing_lines": 0, "excluded_lines": 0, "percent_statements_covered": 100.0, "percent_statements_covered_display": "100"}, "missing_lines": [], "excluded_lines": [], "start_line": 112}, "WealthAnalysisModel": {"executed_lines": [143, 144, 152], "summary": {"covered_lines": 3, "num_statements": 3, "percent_covered": 100.0, "percent_covered_display": "100", "missing_lines": 0, "excluded_lines": 0, "percent_statements_covered": 100.0, "percent_statements_covered_display": "100"}, "missing_lines": [], "excluded_lines": [], "start_line": 128}, "CareerAnalysisModel": {"executed_lines": [170, 171, 179], "summary": {"covered_lines": 3, "num_statements": 3, "percent_covered": 100.0, "percent_covered_display": "100", "missing_lines": 0, "excluded_lines": 0, "percent_statements_covered": 100.0, "percent_statements_covered_display": "100"}, "missing_lines": [], "excluded_lines": [], "start_line": 155}, "MarriageAnalysisModel": {"executed_lines": [200, 201, 211], "summary": {"covered_lines": 3, "num_statements": 3, "percent_covered": 100.0, "percent_covered_display": "100", "missing_lines": 0, "excluded_lines": 0, "percent_statements_covered": 100.0, "percent_statements_covered_display": "100"}, "missing_lines": [], "excluded_lines": [], "start_line": 182}, "HealthAnalysisModel": {"executed_lines": [230, 231, 240], "summary": {"covered_lines": 3, "num_statements": 3, "percent_covered": 100.0, "percent_covered_display": "100", "missing_lines": 0, "excluded_lines": 0, "percent_statements_covered": 100.0, "percent_statements_covered_display": "100"}, "missing_lines": [], "excluded_lines": [], "start_line": 214}, "RelationshipAnalysisModel": {"executed_lines": [257, 258, 265], "summary": {"covered_lines": 3, "num_statements": 3, "percent_covered": 100.0, "percent_covered_display": "100", "missing_lines": 0, "excluded_lines": 0, "percent_statements_covered": 100.0, "percent_statements_covered_display": "100"}, "missing_lines": [], "excluded_lines": [], "start_line": 243}, "PersonalityModel": {"executed_lines": [282, 283, 291], "summary": {"covered_lines": 3, "num_statements": 3, "percent_covered": 100.0, "percent_covered_display": "100", "missing_lines": 0, "excluded_lines": 0, "percent_statements_covered": 100.0, "percent_statements_covered_display": "100"}, "missing_lines": [], "excluded_lines": [], "start_line": 267}, "MonthlyFortuneModel": {"executed_lines": [], "summary": {"covered_lines": 0, "num_statements": 0, "percent_covered": 100.0, "percent_covered_display": "100", "missing_lines": 0, "excluded_lines": 0, "percent_statements_covered": 100.0, "percent_statements_covered_display": "100"}, "missing_lines": [], "excluded_lines": [], "start_line": 294}, "JewelryItemModel": {"executed_lines": [], "summary": {"covered_lines": 0, "num_statements": 0, "percent_covered": 100.0, "percent_covered_display": "100", "missing_lines": 0, "excluded_lines": 0, "percent_statements_covered": 100.0, "percent_statements_covered_display": "100"}, "missing_lines": [], "excluded_lines": [], "start_line": 311}, "JewelryModel": {"executed_lines": [], "summary": {"covered_lines": 0, "num_statements": 0, "percent_covered": 100.0, "percent_covered_display": "100", "missing_lines": 0, "excluded_lines": 0, "percent_statements_covered": 100.0, "percent_statements_covered_display": "100"}, "missing_lines": [], "excluded_lines": [], "start_line": 319}, "FengshuiModel": {"executed_lines": [], "summary": {"covered_lines": 0, "num_statements": 0, "percent_covered": 100.0, "percent_covered_display": "100", "missing_lines": 0, "excluded_lines": 0, "percent_statements_covered": 100.0, "percent_statements_covered_display": "100"}, "missing_lines": [], "excluded_lines": [], "start_line": 329}, "LifestyleModel": {"executed_lines": [], "summary": {"covered_lines": 0, "num_statements": 0, "percent_covered": 100.0, "percent_covered_display": "100", "missing_lines": 0, "excluded_lines": 0, "percent_statements_covered": 100.0, "percent_statements_covered_display": "100"}, "missing_lines": [], "excluded_lines": [], "start_line": 340}, "LuckyModel": {"executed_lines": [], "summary": {"covered_lines": 0, "num_statements": 0, "percent_covered": 100.0, "percent_covered_display": "100", "missing_lines": 0, "excluded_lines": 0, "percent_statements_covered": 100.0, "percent_statements_covered_display": "100"}, "missing_lines": [], "excluded_lines": [], "start_line": 351}, "MilestoneModel": {"executed_lines": [], "summary": {"covered_lines": 0, "num_statements": 0, "percent_covered": 100.0, "percent_covered_display": "100", "missing_lines": 0, "excluded_lines": 0, "percent_statements_covered": 100.0, "percent_statements_covered_display": "100"}, "missing_lines": [], "excluded_lines": [], "start_line": 365}, "LiuNianDetailModel": {"executed_lines": [], "summary": {"covered_lines": 0, "num_statements": 0, "percent_covered": 100.0, "percent_covered_display": "100", "missing_lines": 0, "excluded_lines": 0, "percent_statements_covered": 100.0, "percent_statements_covered_display": "100"}, "missing_lines": [], "excluded_lines": [], "start_line": 376}, "CurrentFortuneSummaryModel": {"executed_lines": [], "summary": {"covered_lines": 0, "num_statements": 0, "percent_covered": 100.0, "percent_covered_display": "100", "missing_lines": 0, "excluded_lines": 0, "percent_statements_covered": 100.0, "percent_statements_covered_display": "100"}, "missing_lines": [], "excluded_lines": [], "start_line": 395}, "": {"executed_lines": [25, 27, 29, 36, 38, 39, 40, 41, 42, 43, 44, 45, 46, 47, 48, 55, 57, 58, 59, 60, 61, 62, 63, 64, 65, 66, 67, 69, 70, 81, 83, 84, 85, 86, 87, 88, 91, 93, 94, 95, 96, 97, 98, 99, 101, 102, 112, 114, 115, 116, 117, 118, 119, 120, 121, 128, 130, 131, 132, 133, 134, 135, 136, 137, 138, 139, 141, 142, 155, 157, 158, 159, 160, 161, 162, 163, 164, 165, 166, 168, 169, 182, 184, 185, 186, 187, 188, 189, 190, 191, 192, 193, 194, 195, 196, 198, 199, 214, 216, 217, 218, 219, 220, 221, 222, 223, 224, 225, 226, 228, 229, 243, 245, 246, 247, 248, 249, 250, 251, 252, 253, 255, 256, 267, 269, 270, 271, 272, 273, 274, 275, 276, 277, 278, 280, 281, 294, 296, 297, 298, 299, 300, 301, 302, 303, 304, 311, 313, 314, 315, 316, 319, 321, 322, 323, 324, 325, 326, 329, 331, 332, 333, 334, 335, 336, 337, 340, 342, 343, 344, 345, 346, 347, 348, 351, 353, 354, 355, 356, 357, 358, 365, 367, 368, 369, 370, 371, 372, 373, 376, 378, 379, 380, 381, 382, 383, 384, 385, 386, 387, 388, 395, 397, 398, 399, 400, 401], "summary": {"covered_lines": 207, "num_statements": 207, "percent_covered": 100.0, "percent_covered_display": "100", "missing_lines": 0, "excluded_lines": 0, "percent_statements_covered": 100.0, "percent_statements_covered_display": "100"}, "missing_lines": [], "excluded_lines": [], "start_line": 1}}}, "app\\schemas\\bazi.py": {"executed_lines": [2, 4, 5, 7, 9, 10, 11, 33, 34, 35, 36, 39, 40, 41, 42, 43, 46, 47, 48, 49, 52, 53, 56, 57, 58, 59, 62, 63, 64, 67, 68, 69, 70, 73, 74, 75, 76, 78, 81, 82, 83, 84, 86, 89, 90, 91, 93, 96, 97, 98, 99, 100, 101, 103, 104, 105, 107, 109, 110, 111, 112, 118, 121, 122, 123, 124, 125, 126, 128, 129, 130, 132, 134, 135, 136, 137, 143, 146, 147, 148, 149, 150, 152, 155, 156, 157, 158, 159, 162, 163, 164, 165, 168, 169, 170, 171, 174, 175, 176, 177, 178, 179, 182, 183, 184, 185, 186, 189, 190, 191, 192, 195, 196, 197, 198, 199, 200, 201, 202, 203, 204, 205, 206, 207, 208, 209, 212, 213, 214, 215, 216, 217, 218, 219, 220, 221, 224, 225, 226, 227, 228, 229, 232, 233, 234, 237, 238, 239, 240, 241, 242, 243, 244, 247, 248, 251, 252, 253, 254, 255, 256, 257, 258, 259, 260, 263, 264, 265, 266, 267, 268, 269, 270, 271, 272, 273, 274, 275, 276, 277, 278, 279, 280, 281, 282, 283, 286, 288, 289, 290, 291, 292, 293, 294, 297, 301, 302, 303, 304, 305, 308, 310, 311, 312, 313, 314, 315, 316, 317, 318, 319, 320, 323, 324, 325, 326, 327, 328, 329, 330, 331, 332, 333, 334, 336, 337, 338, 339, 340, 341, 342, 343, 344, 345, 346, 347, 348, 349, 350, 351, 352, 353, 354, 356, 359, 362, 367, 369, 370, 371, 372, 373, 374, 376, 377, 378, 380, 383, 385, 386, 387, 388, 389, 390, 391, 392, 393, 394, 395, 396, 397, 398, 399, 400, 402, 403, 404, 405, 406, 407, 408, 409, 410, 411, 412, 413, 414, 415, 416, 417, 418, 419], "summary": {"covered_lines": 292, "num_statements": 293, "percent_covered": 99.65870307167235, "percent_covered_display": "99", "missing_lines": 1, "excluded_lines": 0, "percent_statements_covered": 99.65870307167235, "percent_statements_covered_display": "99"}, "missing_lines": [379], "excluded_lines": [], "functions": {"MarriageModel._fill_fact_data": {"executed_lines": [111, 112, 118], "summary": {"covered_lines": 3, "num_statements": 3, "percent_covered": 100.0, "percent_covered_display": "100", "missing_lines": 0, "excluded_lines": 0, "percent_statements_covered": 100.0, "percent_statements_covered_display": "100"}, "missing_lines": [], "excluded_lines": [], "start_line": 110}, "WealthModel._fill_fact_data": {"executed_lines": [136, 137, 143], "summary": {"covered_lines": 3, "num_statements": 3, "percent_covered": 100.0, "percent_covered_display": "100", "missing_lines": 0, "excluded_lines": 0, "percent_statements_covered": 100.0, "percent_statements_covered_display": "100"}, "missing_lines": [], "excluded_lines": [], "start_line": 135}, "VerifyRequest.validate_lon": {"executed_lines": [303, 304, 305], "summary": {"covered_lines": 3, "num_statements": 3, "percent_covered": 100.0, "percent_covered_display": "100", "missing_lines": 0, "excluded_lines": 0, "percent_statements_covered": 100.0, "percent_statements_covered_display": "100"}, "missing_lines": [], "excluded_lines": [], "start_line": 302}, "BaziFullRequest.validate_lon": {"executed_lines": [378, 380], "summary": {"covered_lines": 2, "num_statements": 3, "percent_covered": 66.66666666666667, "percent_covered_display": "67", "missing_lines": 1, "excluded_lines": 0, "percent_statements_covered": 66.66666666666667, "percent_statements_covered_display": "67"}, "missing_lines": [379], "excluded_lines": [], "start_line": 377}, "": {"executed_lines": [2, 4, 5, 7, 9, 10, 11, 33, 34, 35, 36, 39, 40, 41, 42, 43, 46, 47, 48, 49, 52, 53, 56, 57, 58, 59, 62, 63, 64, 67, 68, 69, 70, 73, 74, 75, 76, 78, 81, 82, 83, 84, 86, 89, 90, 91, 93, 96, 97, 98, 99, 100, 101, 103, 104, 105, 107, 109, 110, 121, 122, 123, 124, 125, 126, 128, 129, 130, 132, 134, 135, 146, 147, 148, 149, 150, 152, 155, 156, 157, 158, 159, 162, 163, 164, 165, 168, 169, 170, 171, 174, 175, 176, 177, 178, 179, 182, 183, 184, 185, 186, 189, 190, 191, 192, 195, 196, 197, 198, 199, 200, 201, 202, 203, 204, 205, 206, 207, 208, 209, 212, 213, 214, 215, 216, 217, 218, 219, 220, 221, 224, 225, 226, 227, 228, 229, 232, 233, 234, 237, 238, 239, 240, 241, 242, 243, 244, 247, 248, 251, 252, 253, 254, 255, 256, 257, 258, 259, 260, 263, 264, 265, 266, 267, 268, 269, 270, 271, 272, 273, 274, 275, 276, 277, 278, 279, 280, 281, 282, 283, 286, 288, 289, 290, 291, 292, 293, 294, 297, 301, 302, 308, 310, 311, 312, 313, 314, 315, 316, 317, 318, 319, 320, 323, 324, 325, 326, 327, 328, 329, 330, 331, 332, 333, 334, 336, 337, 338, 339, 340, 341, 342, 343, 344, 345, 346, 347, 348, 349, 350, 351, 352, 353, 354, 356, 359, 362, 367, 369, 370, 371, 372, 373, 374, 376, 377, 383, 385, 386, 387, 388, 389, 390, 391, 392, 393, 394, 395, 396, 397, 398, 399, 400, 402, 403, 404, 405, 406, 407, 408, 409, 410, 411, 412, 413, 414, 415, 416, 417, 418, 419], "summary": {"covered_lines": 281, "num_statements": 281, "percent_covered": 100.0, "percent_covered_display": "100", "missing_lines": 0, "excluded_lines": 0, "percent_statements_covered": 100.0, "percent_statements_covered_display": "100"}, "missing_lines": [], "excluded_lines": [], "start_line": 1}}, "classes": {"PillarModel": {"executed_lines": [], "summary": {"covered_lines": 0, "num_statements": 0, "percent_covered": 100.0, "percent_covered_display": "100", "missing_lines": 0, "excluded_lines": 0, "percent_statements_covered": 100.0, "percent_statements_covered_display": "100"}, "missing_lines": [], "excluded_lines": [], "start_line": 33}, "PillarsModel": {"executed_lines": [], "summary": {"covered_lines": 0, "num_statements": 0, "percent_covered": 100.0, "percent_covered_display": "100", "missing_lines": 0, "excluded_lines": 0, "percent_statements_covered": 100.0, "percent_statements_covered_display": "100"}, "missing_lines": [], "excluded_lines": [], "start_line": 39}, "RiskFlagsModel": {"executed_lines": [], "summary": {"covered_lines": 0, "num_statements": 0, "percent_covered": 100.0, "percent_covered_display": "100", "missing_lines": 0, "excluded_lines": 0, "percent_statements_covered": 100.0, "percent_statements_covered_display": "100"}, "missing_lines": [], "excluded_lines": [], "start_line": 46}, "ValidationModel": {"executed_lines": [], "summary": {"covered_lines": 0, "num_statements": 0, "percent_covered": 100.0, "percent_covered_display": "100", "missing_lines": 0, "excluded_lines": 0, "percent_statements_covered": 100.0, "percent_statements_covered_display": "100"}, "missing_lines": [], "excluded_lines": [], "start_line": 56}, "MarriageFlagsModel": {"executed_lines": [], "summary": {"covered_lines": 0, "num_statements": 0, "percent_covered": 100.0, "percent_covered_display": "100", "missing_lines": 0, "excluded_lines": 0, "percent_statements_covered": 100.0, "percent_statements_covered_display": "100"}, "missing_lines": [], "excluded_lines": [], "start_line": 73}, "LoveWindowModel": {"executed_lines": [], "summary": {"covered_lines": 0, "num_statements": 0, "percent_covered": 100.0, "percent_covered_display": "100", "missing_lines": 0, "excluded_lines": 0, "percent_statements_covered": 100.0, "percent_statements_covered_display": "100"}, "missing_lines": [], "excluded_lines": [], "start_line": 81}, "ChildHintModel": {"executed_lines": [], "summary": {"covered_lines": 0, "num_statements": 0, "percent_covered": 100.0, "percent_covered_display": "100", "missing_lines": 0, "excluded_lines": 0, "percent_statements_covered": 100.0, "percent_statements_covered_display": "100"}, "missing_lines": [], "excluded_lines": [], "start_line": 89}, "MarriageModel": {"executed_lines": [111, 112, 118], "summary": {"covered_lines": 3, "num_statements": 3, "percent_covered": 100.0, "percent_covered_display": "100", "missing_lines": 0, "excluded_lines": 0, "percent_statements_covered": 100.0, "percent_statements_covered_display": "100"}, "missing_lines": [], "excluded_lines": [], "start_line": 96}, "WealthModel": {"executed_lines": [136, 137, 143], "summary": {"covered_lines": 3, "num_statements": 3, "percent_covered": 100.0, "percent_covered_display": "100", "missing_lines": 0, "excluded_lines": 0, "percent_statements_covered": 100.0, "percent_statements_covered_display": "100"}, "missing_lines": [], "excluded_lines": [], "start_line": 121}, "SocialModel": {"executed_lines": [], "summary": {"covered_lines": 0, "num_statements": 0, "percent_covered": 100.0, "percent_covered_display": "100", "missing_lines": 0, "excluded_lines": 0, "percent_statements_covered": 100.0, "percent_statements_covered_display": "100"}, "missing_lines": [], "excluded_lines": [], "start_line": 146}, "TenGodsModel": {"executed_lines": [], "summary": {"covered_lines": 0, "num_statements": 0, "percent_covered": 100.0, "percent_covered_display": "100", "missing_lines": 0, "excluded_lines": 0, "percent_statements_covered": 100.0, "percent_statements_covered_display": "100"}, "missing_lines": [], "excluded_lines": [], "start_line": 155}, "StrengthFactorModel": {"executed_lines": [], "summary": {"covered_lines": 0, "num_statements": 0, "percent_covered": 100.0, "percent_covered_display": "100", "missing_lines": 0, "excluded_lines": 0, "percent_statements_covered": 100.0, "percent_statements_covered_display": "100"}, "missing_lines": [], "excluded_lines": [], "start_line": 162}, "DayMasterStrengthModel": {"executed_lines": [], "summary": {"covered_lines": 0, "num_statements": 0, "percent_covered": 100.0, "percent_covered_display": "100", "missing_lines": 0, "excluded_lines": 0, "percent_statements_covered": 100.0, "percent_statements_covered_display": "100"}, "missing_lines": [], "excluded_lines": [], "start_line": 168}, "WuXingScoreModel": {"executed_lines": [], "summary": {"covered_lines": 0, "num_statements": 0, "percent_covered": 100.0, "percent_covered_display": "100", "missing_lines": 0, "excluded_lines": 0, "percent_statements_covered": 100.0, "percent_statements_covered_display": "100"}, "missing_lines": [], "excluded_lines": [], "start_line": 174}, "WuXingBreakdownModel": {"executed_lines": [], "summary": {"covered_lines": 0, "num_statements": 0, "percent_covered": 100.0, "percent_covered_display": "100", "missing_lines": 0, "excluded_lines": 0, "percent_statements_covered": 100.0, "percent_statements_covered_display": "100"}, "missing_lines": [], "excluded_lines": [], "start_line": 182}, "YongShenModel": {"executed_lines": [], "summary": {"covered_lines": 0, "num_statements": 0, "percent_covered": 100.0, "percent_covered_display": "100", "missing_lines": 0, "excluded_lines": 0, "percent_statements_covered": 100.0, "percent_statements_covered_display": "100"}, "missing_lines": [], "excluded_lines": [], "start_line": 189}, "DaYunItemModel": {"executed_lines": [], "summary": {"covered_lines": 0, "num_statements": 0, "percent_covered": 100.0, "percent_covered_display": "100", "missing_lines": 0, "excluded_lines": 0, "percent_statements_covered": 100.0, "percent_statements_covered_display": "100"}, "missing_lines": [], "excluded_lines": [], "start_line": 195}, "DaYunModel": {"executed_lines": [], "summary": {"covered_lines": 0, "num_statements": 0, "percent_covered": 100.0, "percent_covered_display": "100", "missing_lines": 0, "excluded_lines": 0, "percent_statements_covered": 100.0, "percent_statements_covered_display": "100"}, "missing_lines": [], "excluded_lines": [], "start_line": 212}, "LiuNianItemModel": {"executed_lines": [], "summary": {"covered_lines": 0, "num_statements": 0, "percent_covered": 100.0, "percent_covered_display": "100", "missing_lines": 0, "excluded_lines": 0, "percent_statements_covered": 100.0, "percent_statements_covered_display": "100"}, "missing_lines": [], "excluded_lines": [], "start_line": 224}, "LiuNianResultModel": {"executed_lines": [], "summary": {"covered_lines": 0, "num_statements": 0, "percent_covered": 100.0, "percent_covered_display": "100", "missing_lines": 0, "excluded_lines": 0, "percent_statements_covered": 100.0, "percent_statements_covered_display": "100"}, "missing_lines": [], "excluded_lines": [], "start_line": 232}, "BaziRawDayunModel": {"executed_lines": [], "summary": {"covered_lines": 0, "num_statements": 0, "percent_covered": 100.0, "percent_covered_display": "100", "missing_lines": 0, "excluded_lines": 0, "percent_statements_covered": 100.0, "percent_statements_covered_display": "100"}, "missing_lines": [], "excluded_lines": [], "start_line": 237}, "BaziRawModel": {"executed_lines": [], "summary": {"covered_lines": 0, "num_statements": 0, "percent_covered": 100.0, "percent_covered_display": "100", "missing_lines": 0, "excluded_lines": 0, "percent_statements_covered": 100.0, "percent_statements_covered_display": "100"}, "missing_lines": [], "excluded_lines": [], "start_line": 251}, "BaziMethodsModel": {"executed_lines": [], "summary": {"covered_lines": 0, "num_statements": 0, "percent_covered": 100.0, "percent_covered_display": "100", "missing_lines": 0, "excluded_lines": 0, "percent_statements_covered": 100.0, "percent_statements_covered_display": "100"}, "missing_lines": [], "excluded_lines": [], "start_line": 263}, "VerifyRequest": {"executed_lines": [303, 304, 305], "summary": {"covered_lines": 3, "num_statements": 3, "percent_covered": 100.0, "percent_covered_display": "100", "missing_lines": 0, "excluded_lines": 0, "percent_statements_covered": 100.0, "percent_statements_covered_display": "100"}, "missing_lines": [], "excluded_lines": [], "start_line": 286}, "VerifyResponse": {"executed_lines": [], "summary": {"covered_lines": 0, "num_statements": 0, "percent_covered": 100.0, "percent_covered_display": "100", "missing_lines": 0, "excluded_lines": 0, "percent_statements_covered": 100.0, "percent_statements_covered_display": "100"}, "missing_lines": [], "excluded_lines": [], "start_line": 308}, "BaziFullRequest": {"executed_lines": [378, 380], "summary": {"covered_lines": 2, "num_statements": 3, "percent_covered": 66.66666666666667, "percent_covered_display": "67", "missing_lines": 1, "excluded_lines": 0, "percent_statements_covered": 66.66666666666667, "percent_statements_covered_display": "67"}, "missing_lines": [379], "excluded_lines": [], "start_line": 367}, "BaziFullResponse": {"executed_lines": [], "summary": {"covered_lines": 0, "num_statements": 0, "percent_covered": 100.0, "percent_covered_display": "100", "missing_lines": 0, "excluded_lines": 0, "percent_statements_covered": 100.0, "percent_statements_covered_display": "100"}, "missing_lines": [], "excluded_lines": [], "start_line": 383}, "": {"executed_lines": [2, 4, 5, 7, 9, 10, 11, 33, 34, 35, 36, 39, 40, 41, 42, 43, 46, 47, 48, 49, 52, 53, 56, 57, 58, 59, 62, 63, 64, 67, 68, 69, 70, 73, 74, 75, 76, 78, 81, 82, 83, 84, 86, 89, 90, 91, 93, 96, 97, 98, 99, 100, 101, 103, 104, 105, 107, 109, 110, 121, 122, 123, 124, 125, 126, 128, 129, 130, 132, 134, 135, 146, 147, 148, 149, 150, 152, 155, 156, 157, 158, 159, 162, 163, 164, 165, 168, 169, 170, 171, 174, 175, 176, 177, 178, 179, 182, 183, 184, 185, 186, 189, 190, 191, 192, 195, 196, 197, 198, 199, 200, 201, 202, 203, 204, 205, 206, 207, 208, 209, 212, 213, 214, 215, 216, 217, 218, 219, 220, 221, 224, 225, 226, 227, 228, 229, 232, 233, 234, 237, 238, 239, 240, 241, 242, 243, 244, 247, 248, 251, 252, 253, 254, 255, 256, 257, 258, 259, 260, 263, 264, 265, 266, 267, 268, 269, 270, 271, 272, 273, 274, 275, 276, 277, 278, 279, 280, 281, 282, 283, 286, 288, 289, 290, 291, 292, 293, 294, 297, 301, 302, 308, 310, 311, 312, 313, 314, 315, 316, 317, 318, 319, 320, 323, 324, 325, 326, 327, 328, 329, 330, 331, 332, 333, 334, 336, 337, 338, 339, 340, 341, 342, 343, 344, 345, 346, 347, 348, 349, 350, 351, 352, 353, 354, 356, 359, 362, 367, 369, 370, 371, 372, 373, 374, 376, 377, 383, 385, 386, 387, 388, 389, 390, 391, 392, 393, 394, 395, 396, 397, 398, 399, 400, 402, 403, 404, 405, 406, 407, 408, 409, 410, 411, 412, 413, 414, 415, 416, 417, 418, 419], "summary": {"covered_lines": 281, "num_statements": 281, "percent_covered": 100.0, "percent_covered_display": "100", "missing_lines": 0, "excluded_lines": 0, "percent_statements_covered": 100.0, "percent_statements_covered_display": "100"}, "missing_lines": [], "excluded_lines": [], "start_line": 1}}}, "app\\schemas\\case.py": {"executed_lines": [2, 4, 5, 6, 7, 9, 11, 14, 15, 21, 23, 25, 26, 27, 28, 29, 30, 31, 32, 33, 44, 47, 50, 52, 55, 56, 58, 59, 60, 61, 63, 64, 67, 68, 69, 70, 71, 72, 73, 74, 75, 77, 78, 79, 80, 82, 83, 84, 85, 86, 87, 88, 89, 91, 92, 93, 94, 95, 96, 97, 99, 101, 103, 105, 106, 107, 109, 112, 114, 117, 119, 120, 122, 123, 124, 132, 133, 134, 135, 136, 137, 138, 139, 141, 142, 143, 148, 149, 150, 159, 160, 161, 173, 174, 183, 185, 186, 187, 188, 189, 190, 191, 192, 195, 197, 198, 199, 200, 201, 202, 203, 204, 205, 206, 207, 208, 209, 210, 211, 212], "summary": {"covered_lines": 120, "num_statements": 159, "percent_covered": 75.47169811320755, "percent_covered_display": "75", "missing_lines": 39, "excluded_lines": 0, "percent_statements_covered": 75.47169811320755, "percent_statements_covered_display": "75"}, "missing_lines": [24, 42, 43, 62, 98, 100, 102, 108, 125, 126, 127, 128, 131, 144, 145, 146, 151, 152, 153, 154, 155, 156, 157, 162, 163, 164, 165, 166, 167, 168, 169, 170, 171, 175, 176, 177, 178, 179, 180], "excluded_lines": [], "functions": {"_normalize_birth_dt_local": {"executed_lines": [23, 25, 26, 27, 28, 29, 30, 31, 32, 33, 44], "summary": {"covered_lines": 11, "num_statements": 14, "percent_covered": 78.57142857142857, "percent_covered_display": "79", "missing_lines": 3, "excluded_lines": 0, "percent_statements_covered": 78.57142857142857, "percent_statements_covered_display": "79"}, "missing_lines": [24, 42, 43], "excluded_lines": [], "start_line": 21}, "CaseBase.validate_gender": {"executed_lines": [61, 63, 64, 67], "summary": {"covered_lines": 4, "num_statements": 5, "percent_covered": 80.0, "percent_covered_display": "80", "missing_lines": 1, "excluded_lines": 0, "percent_statements_covered": 80.0, "percent_statements_covered_display": "80"}, "missing_lines": [62], "excluded_lines": [], "start_line": 60}, "CaseBase.validate_birth_dt_local": {"executed_lines": [80], "summary": {"covered_lines": 1, "num_statements": 1, "percent_covered": 100.0, "percent_covered_display": "100", "missing_lines": 0, "excluded_lines": 0, "percent_statements_covered": 100.0, "percent_statements_covered_display": "100"}, "missing_lines": [], "excluded_lines": [], "start_line": 79}, "CaseBase.validate_tz": {"executed_lines": [85, 86, 87, 88, 89], "summary": {"covered_lines": 5, "num_statements": 5, "percent_covered": 100.0, "percent_covered_display": "100", "missing_lines": 0, "excluded_lines": 0, "percent_statements_covered": 100.0, "percent_statements_covered_display": "100"}, "missing_lines": [], "excluded_lines": [], "start_line": 84}, "CaseBase.validate_tags": {"executed_lines": [94, 95, 96, 97, 99, 101, 103], "summary": {"covered_lines": 7, "num_statements": 10, "percent_covered": 70.0, "percent_covered_display": "70", "missing_lines": 3, "excluded_lines": 0, "percent_statements_covered": 70.0, "percent_statements_covered_display": "70"}, "missing_lines": [98, 100, 102], "excluded_lines": [], "start_line": 93}, "CaseBase.validate_lon": {"executed_lines": [107, 109], "summary": {"covered_lines": 2, "num_statements": 3, "percent_covered": 66.66666666666667, "percent_covered_display": "67", "missing_lines": 1, "excluded_lines": 0, "percent_statements_covered": 66.66666666666667, "percent_statements_covered_display": "67"}, "missing_lines": [108], "excluded_lines": [], "start_line": 106}, "CasePatch.validate_gender": {"executed_lines": [], "summary": {"covered_lines": 0, "num_statements": 5, "percent_covered": 0.0, "percent_covered_display": "0", "missing_lines": 5, "excluded_lines": 0, "percent_statements_covered": 0.0, "percent_statements_covered_display": "0"}, "missing_lines": [125, 126, 127, 128, 131], "excluded_lines": [], "start_line": 124}, "CasePatch.validate_birth_dt_local": {"executed_lines": [], "summary": {"covered_lines": 0, "num_statements": 3, "percent_covered": 0.0, "percent_covered_display": "0", "missing_lines": 3, "excluded_lines": 0, "percent_statements_covered": 0.0, "percent_statements_covered_display": "0"}, "missing_lines": [144, 145, 146], "excluded_lines": [], "start_line": 143}, "CasePatch.validate_tz": {"executed_lines": [], "summary": {"covered_lines": 0, "num_statements": 7, "percent_covered": 0.0, "percent_covered_display": "0", "missing_lines": 7, "excluded_lines": 0, "percent_statements_covered": 0.0, "percent_statements_covered_display": "0"}, "missing_lines": [151, 152, 153, 154, 155, 156, 157], "excluded_lines": [], "start_line": 150}, "CasePatch.validate_tags": {"executed_lines": [], "summary": {"covered_lines": 0, "num_statements": 10, "percent_covered": 0.0, "percent_covered_display": "0", "missing_lines": 10, "excluded_lines": 0, "percent_statements_covered": 0.0, "percent_statements_covered_display": "0"}, "missing_lines": [162, 163, 164, 165, 166, 167, 168, 169, 170, 171], "excluded_lines": [], "start_line": 161}, "CasePatch.validate_lon": {"executed_lines": [], "summary": {"covered_lines": 0, "num_statements": 6, "percent_covered": 0.0, "percent_covered_display": "0", "missing_lines": 6, "excluded_lines": 0, "percent_statements_covered": 0.0, "percent_statements_covered_display": "0"}, "missing_lines": [175, 176, 177, 178, 179, 180], "excluded_lines": [], "start_line": 174}, "": {"executed_lines": [2, 4, 5, 6, 7, 9, 11, 14, 15, 21, 47, 50, 52, 55, 56, 58, 59, 60, 68, 69, 70, 71, 72, 73, 74, 75, 77, 78, 79, 82, 83, 84, 91, 92, 93, 105, 106, 112, 114, 117, 119, 120, 122, 123, 1
[...]
": [142, 144, 145, 146], "excluded_lines": [], "start_line": 1}}}, "services\\permission_cascade_service.py": {"executed_lines": [4, 5, 6, 7, 9, 10, 13, 15, 18, 20, 21, 22, 24, 25, 28, 45, 48, 49, 52, 53, 56, 58, 61, 82, 88, 89, 91, 93, 94, 97, 98, 99, 102, 103, 104, 109, 112, 139, 140, 141, 147, 156, 158, 159, 161, 164, 189, 190, 193, 196, 197, 199, 200, 201, 204, 213, 215, 216, 219, 220, 221, 224, 227, 228, 229, 230, 232, 235, 256, 258, 261, 262, 264, 267, 268, 269, 272, 281, 283, 284, 285, 288, 289, 300, 302, 305, 317, 319, 329, 331, 332, 333, 334, 336, 337, 339, 342, 359, 361, 363, 365, 368, 372, 375, 379, 380, 381, 382, 385, 386, 388], "summary": {"covered_lines": 111, "num_statements": 115, "percent_covered": 96.52173913043478, "percent_covered_display": "97", "missing_lines": 4, "excluded_lines": 0, "percent_statements_covered": 96.52173913043478, "percent_statements_covered_display": "97"}, "missing_lines": [105, 107, 369, 376], "excluded_lines": [], "functions": {"_utcnow": {"executed_lines": [15], "summary": {"covered_lines": 1, "num_statements": 1, "percent_covered": 100.0, "percent_covered_display": "100", "missing_lines": 0, "excluded_lines": 0, "percent_statements_covered": 100.0, "percent_statements_covered_display": "100"}, "missing_lines": [], "excluded_lines": [], "start_line": 13}, "_is_expired": {"executed_lines": [20, 21, 22, 24, 25], "summary": {"covered_lines": 5, "num_statements": 5, "percent_covered": 100.0, "percent_covered_display": "100", "missing_lines": 0, "excluded_lines": 0, "percent_statements_covered": 100.0, "percent_statements_covered_display": "100"}, "missing_lines": [], "excluded_lines": [], "start_line": 18}, "get_user_effective_permissions": {"executed_lines": [45, 48, 49, 52, 53, 56, 58], "summary": {"covered_lines": 7, "num_statements": 7, "percent_covered": 100.0, "percent_covered_display": "100", "missing_lines": 0, "excluded_lines": 0, "percent_statements_covered": 100.0, "percent_statements_covered_display": "100"}, "missing_lines": [], "excluded_lines": [], "start_line": 28}, "_get_delegated_permissions": {"executed_lines": [82, 88, 89, 91, 93, 94, 97, 98, 99, 102, 103, 104, 109], "summary": {"covered_lines": 13, "num_statements": 15, "percent_covered": 86.66666666666667, "percent_covered_display": "87", "missing_lines": 2, "excluded_lines": 0, "percent_statements_covered": 86.66666666666667, "percent_statements_covered_display": "87"}, "missing_lines": [105, 107], "excluded_lines": [], "start_line": 61}, "validate_permission_escalation": {"executed_lines": [139, 140, 141, 147, 156, 158, 159, 161], "summary": {"covered_lines": 8, "num_statements": 8, "percent_covered": 100.0, "percent_covered_display": "100", "missing_lines": 0, "excluded_lines": 0, "percent_statements_covered": 100.0, "percent_statements_covered_display": "100"}, "missing_lines": [], "excluded_lines": [], "start_line": 112}, "validate_permission_chain": {"executed_lines": [189, 190, 193, 196, 197, 199, 200, 201, 204, 213, 215, 216, 219, 220, 221, 224, 227, 228, 229, 230, 232], "summary": {"covered_lines": 21, "num_statements": 21, "percent_covered": 100.0, "percent_covered_display": "100", "missing_lines": 0, "excluded_lines": 0, "percent_statements_covered": 100.0, "percent_statements_covered_display": "100"}, "missing_lines": [], "excluded_lines": [], "start_line": 164}, "revoke_delegation_and_dependent": {"executed_lines": [256, 258, 261, 262, 264, 267, 268, 269, 272, 281, 283, 284, 285, 288, 289, 300, 302], "summary": {"covered_lines": 17, "num_statements": 17, "percent_covered": 100.0, "percent_covered_display": "100", "missing_lines": 0, "excluded_lines": 0, "percent_statements_covered": 100.0, "percent_statements_covered_display": "100"}, "missing_lines": [], "excluded_lines": [], "start_line": 235}, "auto_revoke_expired_delegations": {"executed_lines": [317, 319, 329, 331, 332, 333, 334, 336, 337, 339], "summary": {"covered_lines": 10, "num_statements": 10, "percent_covered": 100.0, "percent_covered_display": "100", "missing_lines": 0, "excluded_lines": 0, "percent_statements_covered": 100.0, "percent_statements_covered_display": "100"}, "missing_lines": [], "excluded_lines": [], "start_line": 305}, "verify_delegations_integrity": {"executed_lines": [359, 361, 363, 365, 368, 372, 375, 379, 380, 381, 382, 385, 386, 388], "summary": {"covered_lines": 14, "num_statements": 16, "percent_covered": 87.5, "percent_covered_display": "88", "missing_lines": 2, "excluded_lines": 0, "percent_statements_covered": 87.5, "percent_statements_covered_display": "88"}, "missing_lines": [369, 376], "excluded_lines": [], "start_line": 342}, "": {"executed_lines": [4, 5, 6, 7, 9, 10, 13, 18, 28, 61, 112, 164, 235, 305, 342], "summary": {"covered_lines": 15, "num_statements": 15, "percent_covered": 100.0, "percent_covered_display": "100", "missing_lines": 0, "excluded_lines": 0, "percent_statements_covered": 100.0, "percent_statements_covered_display": "100"}, "missing_lines": [], "excluded_lines": [], "start_line": 1}}, "classes": {"": {"executed_lines": [4, 5, 6, 7, 9, 10, 13, 15, 18, 20, 21, 22, 24, 25, 28, 45, 48, 49, 52, 53, 56, 58, 61, 82, 88, 89, 91, 93, 94, 97, 98, 99, 102, 103, 104, 109, 112, 139, 140, 141, 147, 156, 158, 159, 161, 164, 189, 190, 193, 196, 197, 199, 200, 201, 204, 213, 215, 216, 219, 220, 221, 224, 227, 228, 229, 230, 232, 235, 256, 258, 261, 262, 264, 267, 268, 269, 272, 281, 283, 284, 285, 288, 289, 300, 302, 305, 317, 319, 329, 331, 332, 333, 334, 336, 337, 339, 342, 359, 361, 363, 365, 368, 372, 375, 379, 380, 381, 382, 385, 386, 388], "summary": {"covered_lines": 111, "num_statements": 115, "percent_covered": 96.52173913043478, "percent_covered_display": "97", "missing_lines": 4, "excluded_lines": 0, "percent_statements_covered": 96.52173913043478, "percent_statements_covered_display": "97"}, "missing_lines": [105, 107, 369, 376], "excluded_lines": [], "start_line": 1}}}, "services\\permission_service.py": {"executed_lines": [4, 7, 10, 11, 12, 13, 16, 17, 18, 19, 22, 23, 24, 25, 28, 29, 32, 33, 37, 38, 39, 40, 43, 45, 46, 47, 48, 52, 104, 115, 116, 119, 145], "summary": {"covered_lines": 33, "num_statements": 39, "percent_covered": 84.61538461538461, "percent_covered_display": "85", "missing_lines": 6, "excluded_lines": 0, "percent_statements_covered": 84.61538461538461, "percent_statements_covered_display": "85"}, "missing_lines": [137, 138, 142, 155, 156, 157], "excluded_lines": [], "functions": {"has_permission": {"executed_lines": [115, 116], "summary": {"covered_lines": 2, "num_statements": 2, "percent_covered": 100.0, "percent_covered_display": "100", "missing_lines": 0, "excluded_lines": 0, "percent_statements_covered": 100.0, "percent_statements_covered_display": "100"}, "missing_lines": [], "excluded_lines": [], "start_line": 104}, "check_member_access": {"executed_lines": [], "summary": {"covered_lines": 0, "num_statements": 3, "percent_covered": 0.0, "percent_covered_display": "0", "missing_lines": 3, "excluded_lines": 0, "percent_statements_covered": 0.0, "percent_statements_covered_display": "0"}, "missing_lines": [137, 138, 142], "excluded_lines": [], "start_line": 119}, "get_user_role": {"executed_lines": [], "summary": {"covered_lines": 0, "num_statements": 3, "percent_covered": 0.0, "percent_covered_display": "0", "missing_lines": 3, "excluded_lines": 0, "percent_statements_covered": 0.0, "percent_statements_covered_display": "0"}, "missing_lines": [155, 156, 157], "excluded_lines": [], "start_line": 145}, "": {"executed_lines": [4, 7, 10, 11, 12, 13, 16, 17, 18, 19, 22, 23, 24, 25, 28, 29, 32, 33, 37, 38, 39, 40, 43, 45, 46, 47, 48, 52, 104, 119, 145], "summary": {"covered_lines": 31, "num_statements": 31, "percent_covered": 100.0, "percent_covered_display": "100", "missing_lines": 0, "excluded_lines": 0, "percent_statements_covered": 100.0, "percent_statements_covered_display": "100"}, "missing_lines": [], "excluded_lines": [], "start_line": 1}}, "classes": {"Permission": {"executed_lines": [], "summary": {"covered_lines": 0, "num_statements": 0, "percent_covered": 100.0, "percent_covered_display": "100", "missing_lines": 0, "excluded_lines": 0, "percent_statements_covered": 100.0, "percent_statements_covered_display": "100"}, "missing_lines": [], "excluded_lines": [], "start_line": 7}, "Role": {"executed_lines": [], "summary": {"covered_lines": 0, "num_statements": 0, "percent_covered": 100.0, "percent_covered_display": "100", "missing_lines": 0, "excluded_lines": 0, "percent_statements_covered": 100.0, "percent_statements_covered_display": "100"}, "missing_lines": [], "excluded_lines": [], "start_line": 43}, "": {"executed_lines": [4, 7, 10, 11, 12, 13, 16, 17, 18, 19, 22, 23, 24, 25, 28, 29, 32, 33, 37, 38, 39, 40, 43, 45, 46, 47, 48, 52, 104, 115, 116, 119, 145], "summary": {"covered_lines": 33, "num_statements": 39, "percent_covered": 84.61538461538461, "percent_covered_display": "85", "missing_lines": 6, "excluded_lines": 0, "percent_statements_covered": 84.61538461538461, "percent_statements_covered_display": "85"}, "missing_lines": [137, 138, 142, 155, 156, 157], "excluded_lines": [], "start_line": 1}}}, "services\\prometheus_monitoring.py": {"executed_lines": [5, 6, 7, 8, 9, 10, 17, 24, 32, 39, 46, 54, 61, 67, 74, 80, 88, 95, 100, 105, 115, 122, 130, 137, 151, 152, 153, 154, 155, 162, 164, 166, 170, 173, 179, 180, 183, 186, 188, 190, 191, 192, 194, 195, 196, 199, 202, 205, 208, 210, 213, 223, 224, 225, 226, 227, 228, 229, 230, 235, 239, 240, 241, 242, 247, 251, 252, 253, 256, 266, 267, 268, 269, 270, 271, 272, 273, 277, 280, 281, 282, 283, 287, 290, 291, 292, 295, 303, 304, 307, 309, 312, 314, 321, 330], "summary": {"covered_lines": 95, "num_statements": 95, "percent_covered": 100.0, "percent_covered_display": "100", "missing_lines": 0, "excluded_lines": 1, "percent_statements_covered": 100.0, "percent_statements_covered_display": "100"}, "missing_lines": [], "excluded_lines": [340], "functions": {"record_verify_metrics": {"executed_lines": [151, 152, 153, 154, 155], "summary": {"covered_lines": 5, "num_statements": 5, "percent_covered": 100.0, "percent_covered_display": "100", "missing_lines": 0, "excluded_lines": 0, "percent_statements_covered": 100.0, "percent_statements_covered_display": "100"}, "missing_lines": [], "excluded_lines": [], "start_line": 137}, "_normalize_path": {"executed_lines": [170], "summary": {"covered_lines": 1, "num_statements": 1, "percent_covered": 100.0, "percent_covered_display": "100", "missing_lines": 0, "excluded_lines": 0, "percent_statements_covered": 100.0, "percent_statements_covered_display": "100"}, "missing_lines": [], "excluded_lines": [], "start_line": 166}, "prometheus_middleware": {"executed_lines": [179, 180, 183, 186, 188, 190, 191, 192, 194, 195, 196, 199, 202, 205, 208, 210], "summary": {"covered_lines": 16, "num_statements": 16, "percent_covered": 100.0, "percent_covered_display": "100", "missing_lines": 0, "excluded_lines": 0, "percent_statements_covered": 100.0, "percent_statements_covered_display": "100"}, "missing_lines": [], "excluded_lines": [], "start_line": 173}, "track_db_operation": {"executed_lines": [223, 224, 253], "summary": {"covered_lines": 3, "num_statements": 3, "percent_covered": 100.0, "percent_covered_display": "100", "missing_lines": 0, "excluded_lines": 0, "percent_statements_covered": 100.0, "percent_statements_covered_display": "100"}, "missing_lines": [], "excluded_lines": [], "start_line": 213}, "track_db_operation.decorator": {"executed_lines": [225, 252], "summary": {"covered_lines": 2, "num_statements": 2, "percent_covered": 100.0, "percent_covered_display": "100", "missing_lines": 0, "excluded_lines": 0, "percent_statements_covered": 100.0, "percent_statements_covered_display": "100"}, "missing_lines": [], "excluded_lines": [], "start_line": 223}, "track_db_operation.decorator.wrapper": {"executed_lines": [226, 227, 228, 229, 230, 235, 239, 240, 241, 242, 247, 251], "summary": {"covered_lines": 12, "num_statements": 12, "percent_covered": 100.0, "percent_covered_display": "100", "missing_lines": 0, "excluded_lines": 0, "percent_statements_covered": 100.0, "percent_statements_covered_display": "100"}, "missing_lines": [], "excluded_lines": [], "start_line": 225}, "track_business_operation": {"executed_lines": [266, 267, 292], "summary": {"covered_lines": 3, "num_statements": 3, "percent_covered": 100.0, "percent_covered_display": "100", "missing_lines": 0, "excluded_lines": 0, "percent_statements_covered": 100.0, "percent_statements_covered_display": "100"}, "missing_lines": [], "excluded_lines": [], "start_line": 256}, "track_business_operation.decorator": {"executed_lines": [268, 291], "summary": {"covered_lines": 2, "num_statements": 2, "percent_covered": 100.0, "percent_covered_display": "100", "missing_lines": 0, "excluded_lines": 0, "percent_statements_covered": 100.0, "percent_statements_covered_display": "100"}, "missing_lines": [], "excluded_lines": [], "start_line": 266}, "track_business_operation.decorator.wrapper": {"executed_lines": [269, 270, 271, 272, 273, 277, 280, 281, 282, 283, 287, 290], "summary": {"covered_lines": 12, "num_statements": 12, "percent_covered": 100.0, "percent_covered_display": "100", "missing_lines": 0, "excluded_lines": 0, "percent_statements_covered": 100.0, "percent_statements_covered_display": "100"}, "missing_lines": [], "excluded_lines": [], "start_line": 268}, "record_auth_attempt": {"executed_lines": [303, 304], "summary": {"covered_lines": 2, "num_statements": 2, "percent_covered": 100.0, "percent_covered_display": "100", "missing_lines": 0, "excluded_lines": 0, "percent_statements_covered": 100.0, "percent_statements_covered_display": "100"}, "missing_lines": [], "excluded_lines": [], "start_line": 295}, "record_cache_hit": {"executed_lines": [309], "summary": {"covered_lines": 1, "num_statements": 1, "percent_covered": 100.0, "percent_covered_display": "100", "missing_lines": 0, "excluded_lines": 0, "percent_statements_covered": 100.0, "percent_statements_covered_display": "100"}, "missing_lines": [], "excluded_lines": [], "start_line": 307}, "record_cache_miss": {"executed_lines": [314], "summary": {"covered_lines": 1, "num_statements": 1, "percent_covered": 100.0, "percent_covered_display": "100", "missing_lines": 0, "excluded_lines": 0, "percent_statements_covered": 100.0, "percent_statements_covered_display": "100"}, "missing_lines": [], "excluded_lines": [], "start_line": 312}, "get_metrics_response": {"executed_lines": [330], "summary": {"covered_lines": 1, "num_statements": 1, "percent_covered": 100.0, "percent_covered_display": "100", "missing_lines": 0, "excluded_lines": 0, "percent_statements_covered": 100.0, "percent_statements_covered_display": "100"}, "missing_lines": [], "excluded_lines": [], "start_line": 321}, "": {"executed_lines": [5, 6, 7, 8, 9, 10, 17, 24, 32, 39, 46, 54, 61, 67, 74, 80, 88, 95, 100, 105, 115, 122, 130, 137, 162, 164, 166, 173, 213, 256, 295, 307, 312, 321], "summary": {"covered_lines": 34, "num_statements": 34, "percent_covered": 100.0, "percent_covered_display": "100", "missing_lines": 0, "excluded_lines": 1, "percent_statements_covered": 100.0, "percent_statements_covered_display": "100"}, "missing_lines": [], "excluded_lines": [340], "start_line": 1}}, "classes": {"": {"executed_lines": [5, 6, 7, 8, 9, 10, 17, 24, 32, 39, 46, 54, 61, 67, 74, 80, 88, 95, 100, 105, 115, 122, 130, 137, 151, 152, 153, 154, 155, 162, 164, 166, 170, 173, 179, 180, 183, 186, 188, 190, 191, 192, 194, 195, 196, 199, 202, 205, 208, 210, 213, 223, 224, 225, 226, 227, 228, 229, 230, 235, 239, 240, 241, 242, 247, 251, 252, 253, 256, 266, 267, 268, 269, 270, 271, 272, 273, 277, 280, 281, 282, 283, 287, 290, 291, 292, 295, 303, 304, 307, 309, 312, 314, 321, 330], "summary": {"covered_lines": 95, "num_statements": 95, "percent_covered": 100.0, "percent_covered_display": "100", "missing_lines": 0, "excluded_lines": 1, "percent_statements_covered": 100.0, "percent_statements_covered_display": "100"}, "missing_lines": [], "excluded_lines": [340], "start_line": 1}}}, "services\\rate_limit.py": {"executed_lines": [2, 3, 5, 6, 9, 17, 18, 21, 22, 27, 32], "summary": {"covered_lines": 11, "num_statements": 14, "percent_covered": 78.57142857142857, "percent_covered_display": "79", "missing_lines": 3, "excluded_lines": 0, "percent_statements_covered": 78.57142857142857, "percent_statements_covered_display": "79"}, "missing_lines": [23, 24, 25], "excluded_lines": [], "functions": {"_rate_limit_key": {"executed_lines": [17, 18, 21, 22, 27], "summary": {"covered_lines": 5, "num_statements": 8, "percent_covered": 62.5, "percent_covered_display": "62", "missing_lines": 3, "excluded_lines": 0, "percent_statements_covered": 62.5, "percent_statements_covered_display": "62"}, "missing_lines": [23, 24, 25], "excluded_lines": [], "start_line": 9}, "": {"executed_lines": [2, 3, 5, 6, 9, 32], "summary": {"covered_lines": 6, "num_statements": 6, "percent_covered": 100.0, "percent_covered_display": "100", "missing_lines": 0, "excluded_lines": 0, "percent_statements_covered": 100.0, "percent_statements_covered_display": "100"}, "missing_lines": [], "excluded_lines": [], "start_line": 1}}, "classes": {"": {"executed_lines": [2, 3, 5, 6, 9, 17, 18, 21, 22, 27, 32], "summary": {"covered_lines": 11, "num_statements": 14, "percent_covered": 78.57142857142857, "percent_covered_display": "79", "missing_lines": 3, "excluded_lines": 0, "percent_statements_covered": 78.57142857142857, "percent_statements_covered_display": "79"}, "missing_lines": [23, 24, 25], "excluded_lines": [], "start_line": 1}}}, "services\\request_validation.py": {"executed_lines": [7, 8, 9, 10, 12, 15, 16, 23, 26, 36, 40, 41, 42, 43, 44, 45, 46, 50, 60, 61, 64, 65, 66, 70, 77, 80, 81, 82, 86, 93, 94], "summary": {"covered_lines": 31, "num_statements": 34, "percent_covered": 91.17647058823529, "percent_covered_display": "91", "missing_lines": 3, "excluded_lines": 0, "percent_statements_covered": 91.17647058823529, "percent_statements_covered_display": "91"}, "missing_lines": [55, 56, 57], "excluded_lines": [], "functions": {"RequestValidationMiddleware.dispatch": {"executed_lines": [40, 41, 42, 43, 44, 45, 46, 50, 60, 61, 64, 65, 66, 70, 77, 80, 81, 82, 86, 93, 94], "summary": {"covered_lines": 21, "num_statements": 24, "percent_covered": 87.5, "percent_covered_display": "88", "missing_lines": 3, "excluded_lines": 0, "percent_statements_covered": 87.5, "percent_statements_covered_display": "88"}, "missing_lines": [55, 56, 57], "excluded_lines": [], "start_line": 36}, "": {"executed_lines": [7, 8, 9, 10, 12, 15, 16, 23, 26, 36], "summary": {"covered_lines": 10, "num_statements": 10, "percent_covered": 100.0, "percent_covered_display": "100", "missing_lines": 0, "excluded_lines": 0, "percent_statements_covered": 100.0, "percent_statements_covered_display": "100"}, "missing_lines": [], "excluded_lines": [], "start_line": 1}}, "classes": {"RequestValidationMiddleware": {"executed_lines": [40, 41, 42, 43, 44, 45, 46, 50, 60, 61, 64, 65, 66, 70, 77, 80, 81, 82, 86, 93, 94], "summary": {"covered_lines": 21, "num_statements": 24, "percent_covered": 87.5, "percent_covered_display": "88", "missing_lines": 3, "excluded_lines": 0, "percent_statements_covered": 87.5, "percent_statements_covered_display": "88"}, "missing_lines": [55, 56, 57], "excluded_lines": [], "start_line": 26}, "": {"executed_lines": [7, 8, 9, 10, 12, 15, 16, 23, 26, 36], "summary": {"covered_lines": 10, "num_statements": 10, "percent_covered": 100.0, "percent_covered_display": "100", "missing_lines": 0, "excluded_lines": 0, "percent_statements_covered": 100.0, "percent_statements_covered_display": "100"}, "missing_lines": [], "excluded_lines": [], "start_line": 1}}}}, "totals": {"covered_lines": 4333, "num_statements": 4708, "percent_covered": 92.03483432455396, "percent_covered_display": "92", "missing_lines": 375, "excluded_lines": 8, "percent_statements_covered": 92.03483432455396, "percent_statements_covered_display": "92"}}